-------------------------------------------------------------------
         SDDP.jl (c) Oscar Dowson and contributors, 2017-25
-------------------------------------------------------------------
problem
  nodes           : 1
  state variables : 5
  scenarios       : Inf
  existing cuts   : false
options
  solver          : serial mode
  risk measure    : SDDP.Expectation()
  sampling scheme : SDDP.InSampleMonteCarlo
subproblem structure
  VariableRef                             : [17, 17]
  AffExpr in MOI.EqualTo{Float64}         : [7, 7]
  AffExpr in MOI.LessThan{Float64}        : [5, 5]
  VariableRef in MOI.GreaterThan{Float64} : [11, 11]
  VariableRef in MOI.LessThan{Float64}    : [1, 1]
numerical stability report
  matrix range     [8e-01, 8e+01]
  objective range  [0e+00, 0e+00]
  bounds range     [1e+03, 1e+03]
  rhs range        [1e+00, 1e+00]
-------------------------------------------------------------------
 iteration    simulation      bound        time (s)     solves  pid
-------------------------------------------------------------------
         1   1.542897e+03  1.171433e+03  7.686000e+00        19   1
        16   6.857318e+03  1.171433e+03  8.840000e+00       896   1
        25   1.302890e+04  1.171433e+03  1.447200e+01      1983   1
        33   9.943112e+03  1.171433e+03  2.025900e+01      2565   1
        38   1.628613e+04  1.171433e+03  2.600300e+01      2926   1
        39   2.262915e+04  1.171433e+03  3.102600e+01      3191   1
        46   4.285824e+03  1.171433e+03  3.607500e+01      3432   1
        48   2.451491e+04  1.171433e+03  4.367300e+01      3742   1
        50   4.628690e+03  1.171433e+03  4.628900e+01      3838   1
-------------------------------------------------------------------
status         : iteration_limit
total time (s) : 4.628900e+01
total solves   : 3838
best bound     :  1.171433e+03
simulation ci  :  6.493881e+03 ± 1.715589e+03
numeric issues : 0
-------------------------------------------------------------------

-------------------------------------------------------------------
         SDDP.jl (c) Oscar Dowson and contributors, 2017-25
-------------------------------------------------------------------
problem
  nodes           : 1
  state variables : 5
  scenarios       : Inf
  existing cuts   : false
options
  solver          : serial mode
  risk measure    : SDDP.Expectation()
  sampling scheme : SDDP.InSampleMonteCarlo
subproblem structure
  VariableRef                             : [18, 18]
  AffExpr in MOI.EqualTo{Float64}         : [7, 7]
  AffExpr in MOI.LessThan{Float64}        : [2505, 2505]
  VariableRef in MOI.GreaterThan{Float64} : [12, 12]
  VariableRef in MOI.LessThan{Float64}    : [1, 1]
numerical stability report
  matrix range     [2e-03, 8e+01]
  objective range  [1e+00, 1e+00]
  bounds range     [1e+03, 1e+03]
  rhs range        [1e+00, 5e+02]
-------------------------------------------------------------------
 iteration    simulation      bound        time (s)     solves  pid
-------------------------------------------------------------------
         1   7.200000e+00  9.701265e+02  2.799988e-02         9   1
        12   7.514197e+02  4.475960e+02  1.128000e+00      1024   1
        24   5.165761e+02  4.474968e+02  2.194000e+00      1980   1
        38   3.535495e+02  4.474967e+02  3.227000e+00      2758   1
        50   1.766944e+02  4.474967e+02  4.247000e+00      3484   1
-------------------------------------------------------------------
status         : iteration_limit
total time (s) : 4.247000e+00
total solves   : 3484
best bound     :  4.474967e+02
simulation ci  :  3.771976e+02 ± 1.082047e+02
numeric issues : 0
-------------------------------------------------------------------

-------------------------------------------------------------------
         SDDP.jl (c) Oscar Dowson and contributors, 2017-25
-------------------------------------------------------------------
problem
  nodes           : 1
  state variables : 5
  scenarios       : Inf
  existing cuts   : false
options
  solver          : serial mode
  risk measure    : SDDP.Expectation()
  sampling scheme : SDDP.InSampleMonteCarlo
subproblem structure
  VariableRef                             : [18, 18]
  AffExpr in MOI.EqualTo{Float64}         : [7, 7]
  AffExpr in MOI.LessThan{Float64}        : [105, 105]
  VariableRef in MOI.GreaterThan{Float64} : [12, 12]
  VariableRef in MOI.LessThan{Float64}    : [1, 1]
numerical stability report
  matrix range     [2e-03, 8e+01]
  objective range  [1e+00, 1e+00]
  bounds range     [1e+03, 1e+03]
  rhs range        [5e-01, 5e+02]
-------------------------------------------------------------------
 iteration    simulation      bound        time (s)     solves  pid
-------------------------------------------------------------------
         1   3.360000e+01  9.856789e+02  0.000000e+00        33   1
        34   7.002531e+02  3.298419e+02  1.014000e+00      2742   1
        50   3.145490e+02  3.298419e+02  1.401000e+00      3546   1
-------------------------------------------------------------------
status         : iteration_limit
total time (s) : 1.401000e+00
total solves   : 3546
best bound     :  3.298419e+02
simulation ci  :  2.816205e+02 ± 7.358610e+01
numeric issues : 0
-------------------------------------------------------------------

-------------------------------------------------------------------
         SDDP.jl (c) Oscar Dowson and contributors, 2017-25
-------------------------------------------------------------------
problem
  nodes           : 1
  state variables : 5
  scenarios       : Inf
  existing cuts   : false
options
  solver          : serial mode
  risk measure    : SDDP.Expectation()
  sampling scheme : SDDP.InSampleMonteCarlo
subproblem structure
  VariableRef                             : [18, 18]
  AffExpr in MOI.EqualTo{Float64}         : [7, 7]
  AffExpr in MOI.LessThan{Float64}        : [2504, 2504]
  VariableRef in MOI.GreaterThan{Float64} : [12, 12]
  VariableRef in MOI.LessThan{Float64}    : [1, 1]
numerical stability report
  matrix range     [2e-03, 8e+01]
  objective range  [1e+00, 1e+00]
  bounds range     [1e+03, 1e+03]
  rhs range        [1e+00, 5e+02]
-------------------------------------------------------------------
 iteration    simulation      bound        time (s)     solves  pid
-------------------------------------------------------------------
         1   5.891401e+01  9.473709e+02  3.700018e-02        61   1
        13   7.644757e+02  1.913804e+02  1.144000e+00      1211   1
        24   1.818745e+02  1.913787e+02  2.199000e+00      1864   1
        27   5.292524e+02  1.913787e+02  4.040000e+00      2189   1
        32   6.701040e+02  1.913787e+02  7.454000e+00      2556   1
        33   4.134598e+02  1.913787e+02  9.680000e+00      2727   1
        36   5.880582e+02  1.913787e+02  1.722800e+01      3130   1
        45   9.982871e+01  1.913787e+02  2.310500e+01      3393   1
        50   2.602822e+02  1.913787e+02  3.014500e+01      3678   1
-------------------------------------------------------------------
status         : iteration_limit
total time (s) : 3.014500e+01
total solves   : 3678
best bound     :  1.913787e+02
simulation ci  :  1.712977e+02 ± 5.055526e+01
numeric issues : 0
-------------------------------------------------------------------

-------------------------------------------------------------------
         SDDP.jl (c) Oscar Dowson and contributors, 2017-25
-------------------------------------------------------------------
problem
  nodes           : 1
  state variables : 5
  scenarios       : Inf
  existing cuts   : false
options
  solver          : serial mode
  risk measure    : SDDP.Expectation()
  sampling scheme : SDDP.InSampleMonteCarlo
subproblem structure
  VariableRef                             : [18, 18]
  AffExpr in MOI.EqualTo{Float64}         : [7, 7]
  AffExpr in MOI.LessThan{Float64}        : [104, 104]
  VariableRef in MOI.GreaterThan{Float64} : [12, 12]
  VariableRef in MOI.LessThan{Float64}    : [1, 1]
numerical stability report
  matrix range     [2e-03, 8e+01]
  objective range  [1e+00, 1e+00]
  bounds range     [1e+03, 1e+03]
  rhs range        [9e-01, 5e+02]
-------------------------------------------------------------------
 iteration    simulation      bound        time (s)     solves  pid
-------------------------------------------------------------------
         1   2.011667e+01  9.553165e+02  1.500010e-02        35   1
        36   1.308715e+03  2.537335e+02  1.031000e+00      3100   1
        50   2.166813e+02  2.537335e+02  1.760000e+00      4188   1
-------------------------------------------------------------------
status         : iteration_limit
total time (s) : 1.760000e+00
total solves   : 4188
best bound     :  2.537335e+02
simulation ci  :  2.390488e+02 ± 7.055638e+01
numeric issues : 0
-------------------------------------------------------------------

-------------------------------------------------------------------
         SDDP.jl (c) Oscar Dowson and contributors, 2017-25
-------------------------------------------------------------------
problem
  nodes           : 1
  state variables : 5
  scenarios       : Inf
  existing cuts   : false
options
  solver          : serial mode
  risk measure    : SDDP.Expectation()
  sampling scheme : SDDP.InSampleMonteCarlo
subproblem structure
  VariableRef                             : [17, 17]
  AffExpr in MOI.EqualTo{Float64}         : [7, 7]
  AffExpr in MOI.LessThan{Float64}        : [5, 5]
  VariableRef in MOI.GreaterThan{Float64} : [11, 11]
  VariableRef in MOI.LessThan{Float64}    : [1, 1]
numerical stability report
  matrix range     [8e-01, 8e+01]
  objective range  [0e+00, 0e+00]
  bounds range     [1e+03, 1e+03]
  rhs range        [1e+00, 1e+00]
-------------------------------------------------------------------
 iteration    simulation      bound        time (s)     solves  pid
-------------------------------------------------------------------
         1   2.417205e+04  1.171433e+03  7.536000e+00       283   1
         6   3.771525e+03  1.171433e+03  8.601000e+00       886   1
        16   1.834333e+04  1.171433e+03  1.398200e+01      2006   1
        26   4.800123e+03  1.171433e+03  1.909700e+01      2548   1
        37   6.514452e+03  1.171433e+03  2.562600e+01      2955   1
        43   1.491467e+04  1.171433e+03  3.456000e+01      3351   1
        47   1.302890e+04  1.171433e+03  4.318100e+01      3645   1
        49   7.594480e+04  1.171433e+03  7.071300e+01      4577   1
        50   7.028751e+03  1.171433e+03  7.363600e+01      4660   1
-------------------------------------------------------------------
status         : iteration_limit
total time (s) : 7.363600e+01
total solves   : 4660
best bound     :  1.171433e+03
simulation ci  :  7.903059e+03 ± 3.226529e+03
numeric issues : 0
-------------------------------------------------------------------

-------------------------------------------------------------------
         SDDP.jl (c) Oscar Dowson and contributors, 2017-25
-------------------------------------------------------------------
problem
  nodes           : 1
  state variables : 5
  scenarios       : Inf
  existing cuts   : false
options
  solver          : serial mode
  risk measure    : SDDP.Expectation()
  sampling scheme : SDDP.InSampleMonteCarlo
subproblem structure
  VariableRef                             : [18, 18]
  AffExpr in MOI.EqualTo{Float64}         : [7, 7]
  AffExpr in MOI.LessThan{Float64}        : [2505, 2505]
  VariableRef in MOI.GreaterThan{Float64} : [12, 12]
  VariableRef in MOI.LessThan{Float64}    : [1, 1]
numerical stability report
  matrix range     [2e-03, 8e+01]
  objective range  [1e+00, 1e+00]
  bounds range     [1e+03, 1e+03]
  rhs range        [1e+00, 5e+02]
-------------------------------------------------------------------
 iteration    simulation      bound        time (s)     solves  pid
-------------------------------------------------------------------
         1   4.320000e+01  9.962771e+02  6.500006e-02        49   1
        11   8.455110e+02  4.475785e+02  1.069000e+00      1073   1
        25   1.297121e+02  4.474967e+02  2.087000e+00      2075   1
        42   1.304113e+03  4.474967e+02  3.250000e+00      2982   1
        49   2.525482e+03  4.474967e+02  4.484000e+00      3873   1
        50   5.414523e+02  4.474967e+02  4.650000e+00      3970   1
-------------------------------------------------------------------
status         : iteration_limit
total time (s) : 4.650000e+00
total solves   : 3970
best bound     :  4.474967e+02
simulation ci  :  4.268243e+02 ± 1.341451e+02
numeric issues : 0
-------------------------------------------------------------------

-------------------------------------------------------------------
         SDDP.jl (c) Oscar Dowson and contributors, 2017-25
-------------------------------------------------------------------
problem
  nodes           : 1
  state variables : 5
  scenarios       : Inf
  existing cuts   : false
options
  solver          : serial mode
  risk measure    : SDDP.Expectation()
  sampling scheme : SDDP.InSampleMonteCarlo
subproblem structure
  VariableRef                             : [18, 18]
  AffExpr in MOI.EqualTo{Float64}         : [7, 7]
  AffExpr in MOI.LessThan{Float64}        : [105, 105]
  VariableRef in MOI.GreaterThan{Float64} : [12, 12]
  VariableRef in MOI.LessThan{Float64}    : [1, 1]
numerical stability report
  matrix range     [2e-03, 8e+01]
  objective range  [1e+00, 1e+00]
  bounds range     [1e+03, 1e+03]
  rhs range        [5e-01, 5e+02]
-------------------------------------------------------------------
 iteration    simulation      bound        time (s)     solves  pid
-------------------------------------------------------------------
         1   5.880000e+01  9.856789e+02  1.699996e-02        57   1
        31   8.865014e+01  3.298419e+02  1.030000e+00      2895   1
        50   1.082573e+02  3.298419e+02  1.645000e+00      3920   1
-------------------------------------------------------------------
status         : iteration_limit
total time (s) : 1.645000e+00
total solves   : 3920
best bound     :  3.298419e+02
simulation ci  :  3.133321e+02 ± 8.439330e+01
numeric issues : 0
-------------------------------------------------------------------

-------------------------------------------------------------------
         SDDP.jl (c) Oscar Dowson and contributors, 2017-25
-------------------------------------------------------------------
problem
  nodes           : 1
  state variables : 5
  scenarios       : Inf
  existing cuts   : false
options
  solver          : serial mode
  risk measure    : SDDP.Expectation()
  sampling scheme : SDDP.InSampleMonteCarlo
subproblem structure
  VariableRef                             : [18, 18]
  AffExpr in MOI.EqualTo{Float64}         : [7, 7]
  AffExpr in MOI.LessThan{Float64}        : [2504, 2504]
  VariableRef in MOI.GreaterThan{Float64} : [12, 12]
  VariableRef in MOI.LessThan{Float64}    : [1, 1]
numerical stability report
  matrix range     [2e-03, 8e+01]
  objective range  [1e+00, 1e+00]
  bounds range     [1e+03, 1e+03]
  rhs range        [1e+00, 5e+02]
-------------------------------------------------------------------
 iteration    simulation      bound        time (s)     solves  pid
-------------------------------------------------------------------
         1   4.909501e+01  9.687931e+02  7.399988e-02        51   1
        18   2.352233e+02  1.913795e+02  1.138000e+00      1358   1
        29   9.982871e+01  1.913787e+02  2.220000e+00      1923   1
        33   2.142094e+01  1.913787e+02  3.222000e+00      2085   1
        39   1.622725e+02  1.913787e+02  4.906000e+00      2273   1
        42   1.604535e+02  1.913787e+02  6.796000e+00      2410   1
        45   2.798842e+02  1.913787e+02  9.341000e+00      2591   1
        50   3.386900e+02  1.913787e+02  1.667800e+01      2964   1
-------------------------------------------------------------------
status         : iteration_limit
total time (s) : 1.667800e+01
total solves   : 2964
best bound     :  1.913787e+02
simulation ci  :  1.333598e+02 ± 3.356464e+01
numeric issues : 0
-------------------------------------------------------------------

-------------------------------------------------------------------
         SDDP.jl (c) Oscar Dowson and contributors, 2017-25
-------------------------------------------------------------------
problem
  nodes           : 1
  state variables : 5
  scenarios       : Inf
  existing cuts   : false
options
  solver          : serial mode
  risk measure    : SDDP.Expectation()
  sampling scheme : SDDP.InSampleMonteCarlo
subproblem structure
  VariableRef                             : [18, 18]
  AffExpr in MOI.EqualTo{Float64}         : [7, 7]
  AffExpr in MOI.LessThan{Float64}        : [104, 104]
  VariableRef in MOI.GreaterThan{Float64} : [12, 12]
  VariableRef in MOI.LessThan{Float64}    : [1, 1]
numerical stability report
  matrix range     [2e-03, 8e+01]
  objective range  [1e+00, 1e+00]
  bounds range     [1e+03, 1e+03]
  rhs range        [9e-01, 5e+02]
-------------------------------------------------------------------
 iteration    simulation      bound        time (s)     solves  pid
-------------------------------------------------------------------
         1   2.485000e+01  9.969183e+02  1.399994e-02        43   1
        41   2.166813e+02  2.537335e+02  1.035000e+00      3205   1
        50   1.112146e+02  2.537335e+02  1.354000e+00      3704   1
-------------------------------------------------------------------
status         : iteration_limit
total time (s) : 1.354000e+00
total solves   : 3704
best bound     :  2.537335e+02
simulation ci  :  2.153092e+02 ± 5.706629e+01
numeric issues : 0
-------------------------------------------------------------------

-------------------------------------------------------------------
         SDDP.jl (c) Oscar Dowson and contributors, 2017-25
-------------------------------------------------------------------
problem
  nodes           : 1
  state variables : 5
  scenarios       : Inf
  existing cuts   : false
options
  solver          : serial mode
  risk measure    : SDDP.Expectation()
  sampling scheme : SDDP.InSampleMonteCarlo
subproblem structure
  VariableRef                             : [17, 17]
  AffExpr in MOI.EqualTo{Float64}         : [7, 7]
  AffExpr in MOI.LessThan{Float64}        : [5, 5]
  VariableRef in MOI.GreaterThan{Float64} : [11, 11]
  VariableRef in MOI.LessThan{Float64}    : [1, 1]
numerical stability report
  matrix range     [8e-01, 8e+01]
  objective range  [0e+00, 0e+00]
  bounds range     [1e+03, 1e+03]
  rhs range        [1e+00, 1e+00]
-------------------------------------------------------------------
 iteration    simulation      bound        time (s)     solves  pid
-------------------------------------------------------------------
         1   2.057196e+04  1.171433e+03  1.050000e-01       241   1
         6   1.302890e+04  1.171433e+03  1.342000e+00       904   1
        11   2.177199e+04  1.171433e+03  3.827000e+00      1391   1
        14   1.182887e+04  1.171433e+03  5.583000e+00      1624   1
        17   8.400215e+03  1.171433e+03  7.107000e+00      1809   1
        19   2.640068e+04  1.171433e+03  9.868000e+00      2129   1
        24   1.474323e+04  1.171433e+03  1.705700e+01      2714   1
        29   4.628690e+03  1.171433e+03  2.226000e+01      2967   1
        31   9.257380e+03  1.171433e+03  2.848600e+01      3267   1
        38   5.828721e+03  1.171433e+03  3.470800e+01      3554   1
        40   1.337177e+04  1.171433e+03  4.153300e+01      3828   1
        42   7.543050e+03  1.171433e+03  4.757900e+01      4036   1
        44   1.217174e+04  1.171433e+03  5.350400e+01      4238   1
        48   1.662900e+04  1.171433e+03  6.451200e+01      4580   1
        49   2.262915e+04  1.171433e+03  7.484300e+01      4845   1
        50   5.142989e+03  1.171433e+03  7.713000e+01      4906   1
-------------------------------------------------------------------
status         : iteration_limit
total time (s) : 7.713000e+01
total solves   : 4906
best bound     :  1.171433e+03
simulation ci  :  8.324785e+03 ± 1.922763e+03
numeric issues : 0
-------------------------------------------------------------------

-------------------------------------------------------------------
         SDDP.jl (c) Oscar Dowson and contributors, 2017-25
-------------------------------------------------------------------
problem
  nodes           : 1
  state variables : 5
  scenarios       : Inf
  existing cuts   : false
options
  solver          : serial mode
  risk measure    : SDDP.Expectation()
  sampling scheme : SDDP.InSampleMonteCarlo
subproblem structure
  VariableRef                             : [18, 18]
  AffExpr in MOI.EqualTo{Float64}         : [7, 7]
  AffExpr in MOI.LessThan{Float64}        : [2505, 2505]
  VariableRef in MOI.GreaterThan{Float64} : [12, 12]
  VariableRef in MOI.LessThan{Float64}    : [1, 1]
numerical stability report
  matrix range     [2e-03, 8e+01]
  objective range  [1e+00, 1e+00]
  bounds range     [1e+03, 1e+03]
  rhs range        [1e+00, 5e+02]
-------------------------------------------------------------------
 iteration    simulation      bound        time (s)     solves  pid
-------------------------------------------------------------------
         1   9.180000e+01  9.962771e+02  1.190002e-01       103   1
        14   5.769286e+02  4.475969e+02  1.204000e+00      1196   1
        21   1.022252e+03  4.474976e+02  2.386000e+00      2221   1
        33   4.005252e+02  4.474967e+02  3.408000e+00      3113   1
        44   4.670095e+01  4.474967e+02  4.408000e+00      3842   1
        50   1.047135e+03  4.474967e+02  5.549000e+00      4622   1
-------------------------------------------------------------------
status         : iteration_limit
total time (s) : 5.549000e+00
total solves   : 4622
best bound     :  4.474967e+02
simulation ci  :  4.931471e+02 ± 1.287085e+02
numeric issues : 0
-------------------------------------------------------------------

-------------------------------------------------------------------
         SDDP.jl (c) Oscar Dowson and contributors, 2017-25
-------------------------------------------------------------------
problem
  nodes           : 1
  state variables : 5
  scenarios       : Inf
  existing cuts   : false
options
  solver          : serial mode
  risk measure    : SDDP.Expectation()
  sampling scheme : SDDP.InSampleMonteCarlo
subproblem structure
  VariableRef                             : [18, 18]
  AffExpr in MOI.EqualTo{Float64}         : [7, 7]
  AffExpr in MOI.LessThan{Float64}        : [105, 105]
  VariableRef in MOI.GreaterThan{Float64} : [12, 12]
  VariableRef in MOI.LessThan{Float64}    : [1, 1]
numerical stability report
  matrix range     [2e-03, 8e+01]
  objective range  [1e+00, 1e+00]
  bounds range     [1e+03, 1e+03]
  rhs range        [5e-01, 5e+02]
-------------------------------------------------------------------
 iteration    simulation      bound        time (s)     solves  pid
-------------------------------------------------------------------
         1   2.520000e+01  9.856789e+02  1.100016e-02        25   1
        41   4.939622e+02  3.298419e+02  1.022000e+00      2695   1
        50   7.346349e+02  3.298419e+02  1.533000e+00      3784   1
-------------------------------------------------------------------
status         : iteration_limit
total time (s) : 1.533000e+00
total solves   : 3784
best bound     :  3.298419e+02
simulation ci  :  3.041182e+02 ± 7.753121e+01
numeric issues : 0
-------------------------------------------------------------------

-------------------------------------------------------------------
         SDDP.jl (c) Oscar Dowson and contributors, 2017-25
-------------------------------------------------------------------
problem
  nodes           : 1
  state variables : 5
  scenarios       : Inf
  existing cuts   : false
options
  solver          : serial mode
  risk measure    : SDDP.Expectation()
  sampling scheme : SDDP.InSampleMonteCarlo
subproblem structure
  VariableRef                             : [18, 18]
  AffExpr in MOI.EqualTo{Float64}         : [7, 7]
  AffExpr in MOI.LessThan{Float64}        : [2504, 2504]
  VariableRef in MOI.GreaterThan{Float64} : [12, 12]
  VariableRef in MOI.LessThan{Float64}    : [1, 1]
numerical stability report
  matrix range     [2e-03, 8e+01]
  objective range  [1e+00, 1e+00]
  bounds range     [1e+03, 1e+03]
  rhs range        [1e+00, 5e+02]
-------------------------------------------------------------------
 iteration    simulation      bound        time (s)     solves  pid
-------------------------------------------------------------------
         1   2.356561e+01  9.473709e+02  2.799988e-02        25   1
        19   3.778939e+02  1.913803e+02  1.050000e+00      1243   1
        34   1.212496e+02  1.913787e+02  2.242000e+00      2090   1
        38   4.955055e+02  1.913787e+02  3.430000e+00      2452   1
        43   3.350520e+02  1.913787e+02  4.526000e+00      2699   1
        46   2.388613e+02  1.913787e+02  6.044000e+00      2982   1
        49   7.840776e+01  1.913787e+02  7.187000e+00      3155   1
        50   2.142094e+01  1.913787e+02  7.256000e+00      3166   1
-------------------------------------------------------------------
status         : iteration_limit
total time (s) : 7.256000e+00
total solves   : 3166
best bound     :  1.913787e+02
simulation ci  :  1.443139e+02 ± 3.283445e+01
numeric issues : 0
-------------------------------------------------------------------

-------------------------------------------------------------------
         SDDP.jl (c) Oscar Dowson and contributors, 2017-25
-------------------------------------------------------------------
problem
  nodes           : 1
  state variables : 5
  scenarios       : Inf
  existing cuts   : false
options
  solver          : serial mode
  risk measure    : SDDP.Expectation()
  sampling scheme : SDDP.InSampleMonteCarlo
subproblem structure
  VariableRef                             : [18, 18]
  AffExpr in MOI.EqualTo{Float64}         : [7, 7]
  AffExpr in MOI.LessThan{Float64}        : [104, 104]
  VariableRef in MOI.GreaterThan{Float64} : [12, 12]
  VariableRef in MOI.LessThan{Float64}    : [1, 1]
numerical stability report
  matrix range     [2e-03, 8e+01]
  objective range  [1e+00, 1e+00]
  bounds range     [1e+03, 1e+03]
  rhs range        [9e-01, 5e+02]
-------------------------------------------------------------------
 iteration    simulation      bound        time (s)     solves  pid
-------------------------------------------------------------------
         1   1.420000e+01  9.553165e+02  1.099992e-02        25   1
        32   3.221479e+02  2.537335e+02  1.045000e+00      2796   1
        46   7.022813e+02  2.537335e+02  2.293000e+00      4168   1
        50   3.211459e+01  2.537335e+02  2.645000e+00      4438   1
-------------------------------------------------------------------
status         : iteration_limit
total time (s) : 2.645000e+00
total solves   : 4438
best bound     :  2.537335e+02
simulation ci  :  2.718109e+02 ± 8.824805e+01
numeric issues : 0
-------------------------------------------------------------------

-------------------------------------------------------------------
         SDDP.jl (c) Oscar Dowson and contributors, 2017-25
-------------------------------------------------------------------
problem
  nodes           : 1
  state variables : 5
  scenarios       : Inf
  existing cuts   : false
options
  solver          : serial mode
  risk measure    : SDDP.Expectation()
  sampling scheme : SDDP.InSampleMonteCarlo
subproblem structure
  VariableRef                             : [17, 17]
  AffExpr in MOI.EqualTo{Float64}         : [7, 7]
  AffExpr in MOI.LessThan{Float64}        : [5, 5]
  VariableRef in MOI.GreaterThan{Float64} : [11, 11]
  VariableRef in MOI.LessThan{Float64}    : [1, 1]
numerical stability report
  matrix range     [8e-01, 8e+01]
  objective range  [0e+00, 0e+00]
  bounds range     [1e+03, 1e+03]
  rhs range        [1e+00, 1e+00]
-------------------------------------------------------------------
 iteration    simulation      bound        time (s)     solves  pid
-------------------------------------------------------------------
         1   5.142989e+02  1.171433e+03  9.999990e-03         7   1
        11   4.800123e+03  1.171433e+03  1.138000e+00       793   1
        17   2.588638e+04  1.171433e+03  2.972000e+00      1335   1
        20   2.674354e+04  1.171433e+03  5.595000e+00      1732   1
        21   1.080028e+04  1.171433e+03  6.767000e+00      1859   1
        25   1.182887e+04  1.171433e+03  8.483000e+00      2053   1
        30   1.800046e+04  1.171433e+03  1.560400e+01      2664   1
        34   1.097171e+04  1.171433e+03  2.291400e+01      3040   1
        39   1.165744e+04  1.171433e+03  3.056500e+01      3411   1
        44   2.965790e+04  1.171433e+03  4.423900e+01      3972   1
        47   9.943112e+03  1.171433e+03  5.039800e+01      4175   1
        50   1.371464e+03  1.171433e+03  5.403600e+01      4290   1
-------------------------------------------------------------------
status         : iteration_limit
total time (s) : 5.403600e+01
total solves   : 4290
best bound     :  1.171433e+03
simulation ci  :  7.268758e+03 ± 1.911028e+03
numeric issues : 0
-------------------------------------------------------------------

-------------------------------------------------------------------
         SDDP.jl (c) Oscar Dowson and contributors, 2017-25
-------------------------------------------------------------------
problem
  nodes           : 1
  state variables : 5
  scenarios       : Inf
  existing cuts   : false
options
  solver          : serial mode
  risk measure    : SDDP.Expectation()
  sampling scheme : SDDP.InSampleMonteCarlo
subproblem structure
  VariableRef                             : [18, 18]
  AffExpr in MOI.EqualTo{Float64}         : [7, 7]
  AffExpr in MOI.LessThan{Float64}        : [2505, 2505]
  VariableRef in MOI.GreaterThan{Float64} : [12, 12]
  VariableRef in MOI.LessThan{Float64}    : [1, 1]
numerical stability report
  matrix range     [2e-03, 8e+01]
  objective range  [1e+00, 1e+00]
  bounds range     [1e+03, 1e+03]
  rhs range        [1e+00, 5e+02]
-------------------------------------------------------------------
 iteration    simulation      bound        time (s)     solves  pid
-------------------------------------------------------------------
         1   7.200000e+01  9.962771e+02  6.099987e-02        81   1
        12   1.710161e+03  4.479901e+02  1.066000e+00       982   1
        24   2.236692e+02  4.474980e+02  2.079000e+00      1930   1
        37   1.784920e+03  4.474967e+02  3.168000e+00      2905   1
        48   4.944766e+02  4.474967e+02  4.180000e+00      3676   1
        50   1.152136e+03  4.474967e+02  4.484000e+00      3906   1
-------------------------------------------------------------------
status         : iteration_limit
total time (s) : 4.484000e+00
total solves   : 3906
best bound     :  4.474967e+02
simulation ci  :  4.045695e+02 ± 1.287682e+02
numeric issues : 0
-------------------------------------------------------------------

-------------------------------------------------------------------
         SDDP.jl (c) Oscar Dowson and contributors, 2017-25
-------------------------------------------------------------------
problem
  nodes           : 1
  state variables : 5
  scenarios       : Inf
  existing cuts   : false
options
  solver          : serial mode
  risk measure    : SDDP.Expectation()
  sampling scheme : SDDP.InSampleMonteCarlo
subproblem structure
  VariableRef                             : [18, 18]
  AffExpr in MOI.EqualTo{Float64}         : [7, 7]
  AffExpr in MOI.LessThan{Float64}        : [105, 105]
  VariableRef in MOI.GreaterThan{Float64} : [12, 12]
  VariableRef in MOI.LessThan{Float64}    : [1, 1]
numerical stability report
  matrix range     [2e-03, 8e+01]
  objective range  [1e+00, 1e+00]
  bounds range     [1e+03, 1e+03]
  rhs range        [5e-01, 5e+02]
-------------------------------------------------------------------
 iteration    simulation      bound        time (s)     solves  pid
-------------------------------------------------------------------
         1   5.250000e+01  9.856789e+02  1.600003e-02        51   1
        47   8.510509e+02  3.298419e+02  1.029000e+00      3003   1
        50   2.321782e+02  3.298419e+02  1.138000e+00      3210   1
-------------------------------------------------------------------
status         : iteration_limit
total time (s) : 1.138000e+00
total solves   : 3210
best bound     :  3.298419e+02
simulation ci  :  2.510765e+02 ± 7.062838e+01
numeric issues : 0
-------------------------------------------------------------------

-------------------------------------------------------------------
         SDDP.jl (c) Oscar Dowson and contributors, 2017-25
-------------------------------------------------------------------
problem
  nodes           : 1
  state variables : 5
  scenarios       : Inf
  existing cuts   : false
options
  solver          : serial mode
  risk measure    : SDDP.Expectation()
  sampling scheme : SDDP.InSampleMonteCarlo
subproblem structure
  VariableRef                             : [18, 18]
  AffExpr in MOI.EqualTo{Float64}         : [7, 7]
  AffExpr in MOI.LessThan{Float64}        : [2504, 2504]
  VariableRef in MOI.GreaterThan{Float64} : [12, 12]
  VariableRef in MOI.LessThan{Float64}    : [1, 1]
numerical stability report
  matrix range     [2e-03, 8e+01]
  objective range  [1e+00, 1e+00]
  bounds range     [1e+03, 1e+03]
  rhs range        [1e+00, 5e+02]
-------------------------------------------------------------------
 iteration    simulation      bound        time (s)     solves  pid
-------------------------------------------------------------------
         1   9.819002e+00  9.473709e+02  2.100015e-02        11   1
        11   3.974958e+02  1.921350e+02  1.125000e+00      1011   1
        25   3.368710e+02  1.913787e+02  2.397000e+00      2133   1
        28   1.212496e+02  1.913787e+02  3.600000e+00      2426   1
        31   1.426706e+02  1.913787e+02  4.714000e+00      2611   1
        34   4.348807e+02  1.913787e+02  6.735000e+00      2858   1
        36   3.546539e+02  1.913787e+02  8.768000e+00      3072   1
        43   2.174403e+02  1.913787e+02  1.388500e+01      3503   1
        47   2.994861e+02  1.913787e+02  1.981200e+01      3851   1
        50   2.940291e+02  1.913787e+02  2.290200e+01      4012   1
-------------------------------------------------------------------
status         : iteration_limit
total time (s) : 2.290200e+01
total solves   : 4012
best bound     :  1.913787e+02
simulation ci  :  1.807820e+02 ± 3.850209e+01
numeric issues : 0
-------------------------------------------------------------------

-------------------------------------------------------------------
         SDDP.jl (c) Oscar Dowson and contributors, 2017-25
-------------------------------------------------------------------
problem
  nodes           : 1
  state variables : 5
  scenarios       : Inf
  existing cuts   : false
options
  solver          : serial mode
  risk measure    : SDDP.Expectation()
  sampling scheme : SDDP.InSampleMonteCarlo
subproblem structure
  VariableRef                             : [18, 18]
  AffExpr in MOI.EqualTo{Float64}         : [7, 7]
  AffExpr in MOI.LessThan{Float64}        : [104, 104]
  VariableRef in MOI.GreaterThan{Float64} : [12, 12]
  VariableRef in MOI.LessThan{Float64}    : [1, 1]
numerical stability report
  matrix range     [2e-03, 8e+01]
  objective range  [1e+00, 1e+00]
  bounds range     [1e+03, 1e+03]
  rhs range        [9e-01, 5e+02]
-------------------------------------------------------------------
 iteration    simulation      bound        time (s)     solves  pid
-------------------------------------------------------------------
         1   2.603333e+01  9.969183e+02  1.999998e-02        45   1
        24   1.203248e+03  2.537335e+02  1.219000e+00      2634   1
        40   1.366646e+02  2.537335e+02  2.274000e+00      3568   1
        46   7.022813e+02  2.537335e+02  3.687000e+00      4334   1
        49   3.158726e+02  2.537335e+02  4.725000e+00      4699   1
        50   3.686060e+02  2.537335e+02  5.159000e+00      4814   1
-------------------------------------------------------------------
status         : iteration_limit
total time (s) : 5.159000e+00
total solves   : 4814
best bound     :  2.537335e+02
simulation ci  :  2.981712e+02 ± 8.305063e+01
numeric issues : 0
-------------------------------------------------------------------

-------------------------------------------------------------------
         SDDP.jl (c) Oscar Dowson and contributors, 2017-25
-------------------------------------------------------------------
problem
  nodes           : 1
  state variables : 19
  scenarios       : Inf
  existing cuts   : false
options
  solver          : serial mode
  risk measure    : SDDP.Expectation()
  sampling scheme : SDDP.InSampleMonteCarlo
subproblem structure
  VariableRef                             : [60, 60]
  AffExpr in MOI.EqualTo{Float64}         : [21, 21]
  AffExpr in MOI.LessThan{Float64}        : [2519, 2519]
  VariableRef in MOI.GreaterThan{Float64} : [40, 40]
  VariableRef in MOI.LessThan{Float64}    : [1, 1]
numerical stability report
  matrix range     [2e-03, 1e+00]
  objective range  [1e+00, 1e+00]
  bounds range     [1e+03, 1e+03]
  rhs range        [1e+00, 5e+02]
-------------------------------------------------------------------
 iteration    simulation      bound        time (s)     solves  pid
-------------------------------------------------------------------
         1   1.899404e+02  1.843783e+02  1.529999e-01       181   1
        15   1.819404e+02  8.994063e+01  1.242000e+00      1233   1
        29   2.839404e+02  8.994045e+01  2.262000e+00      2117   1
        37   1.299404e+02  8.994045e+01  3.340000e+00      2827   1
        44   2.499404e+02  8.994045e+01  5.142000e+00      3486   1
        50   6.594045e+01  8.994045e+01  5.720000e+00      3786   1
-------------------------------------------------------------------
status         : iteration_limit
total time (s) : 5.720000e+00
total solves   : 3786
best bound     :  8.994045e+01
simulation ci  :  8.466045e+01 ± 2.007794e+01
numeric issues : 0
-------------------------------------------------------------------

-------------------------------------------------------------------
         SDDP.jl (c) Oscar Dowson and contributors, 2017-25
-------------------------------------------------------------------
problem
  nodes           : 1
  state variables : 19
  scenarios       : Inf
  existing cuts   : false
options
  solver          : serial mode
  risk measure    : SDDP.Expectation()
  sampling scheme : SDDP.InSampleMonteCarlo
subproblem structure
  VariableRef                             : [60, 60]
  AffExpr in MOI.EqualTo{Float64}         : [21, 21]
  AffExpr in MOI.LessThan{Float64}        : [118, 118]
  VariableRef in MOI.GreaterThan{Float64} : [40, 40]
  VariableRef in MOI.LessThan{Float64}    : [1, 1]
numerical stability report
  matrix range     [2e-03, 1e+00]
  objective range  [1e+00, 1e+00]
  bounds range     [1e+03, 1e+03]
  rhs range        [9e-01, 5e+02]
-------------------------------------------------------------------
 iteration    simulation      bound        time (s)     solves  pid
-------------------------------------------------------------------
-------------------------------------------------------------------
         SDDP.jl (c) Oscar Dowson and contributors, 2017-25
-------------------------------------------------------------------
problem
  nodes           : 1
  state variables : 19
  scenarios       : Inf
  existing cuts   : false
options
  solver          : serial mode
  risk measure    : SDDP.Expectation()
  sampling scheme : SDDP.InSampleMonteCarlo
subproblem structure
  VariableRef                             : [60, 60]
  AffExpr in MOI.EqualTo{Float64}         : [20, 20]
  AffExpr in MOI.LessThan{Float64}        : [118, 118]
  VariableRef in MOI.GreaterThan{Float64} : [40, 40]
  VariableRef in MOI.LessThan{Float64}    : [1, 1]
numerical stability report
  matrix range     [2e-03, 1e+00]
  objective range  [1e+00, 1e+00]
  bounds range     [1e+03, 1e+03]
  rhs range        [9e-01, 5e+02]
-------------------------------------------------------------------
 iteration    simulation      bound        time (s)     solves  pid
-------------------------------------------------------------------
-------------------------------------------------------------------
         SDDP.jl (c) Oscar Dowson and contributors, 2017-25
-------------------------------------------------------------------
problem
  nodes           : 1
  state variables : 19
  scenarios       : Inf
  existing cuts   : false
options
  solver          : serial mode
  risk measure    : SDDP.Expectation()
  sampling scheme : SDDP.InSampleMonteCarlo
subproblem structure
  VariableRef                             : [60, 60]
  AffExpr in MOI.EqualTo{Float64}         : [20, 20]
  AffExpr in MOI.LessThan{Float64}        : [118, 118]
  VariableRef in MOI.GreaterThan{Float64} : [40, 40]
  VariableRef in MOI.LessThan{Float64}    : [1, 1]
numerical stability report
  matrix range     [2e-03, 1e+00]
  objective range  [1e+00, 1e+00]
  bounds range     [1e+03, 1e+03]
  rhs range        [9e-01, 5e+02]
-------------------------------------------------------------------
 iteration    simulation      bound        time (s)     solves  pid
-------------------------------------------------------------------
-------------------------------------------------------------------
         SDDP.jl (c) Oscar Dowson and contributors, 2017-25
-------------------------------------------------------------------
problem
  nodes           : 1
  state variables : 19
  scenarios       : Inf
  existing cuts   : false
options
  solver          : serial mode
  risk measure    : SDDP.Expectation()
  sampling scheme : SDDP.InSampleMonteCarlo
subproblem structure
  VariableRef                             : [60, 60]
  AffExpr in MOI.EqualTo{Float64}         : [20, 20]
  AffExpr in MOI.LessThan{Float64}        : [118, 118]
  VariableRef in MOI.GreaterThan{Float64} : [40, 40]
  VariableRef in MOI.LessThan{Float64}    : [1, 1]
numerical stability report
  matrix range     [2e-03, 1e+00]
  objective range  [1e+00, 1e+00]
  bounds range     [1e+03, 1e+03]
  rhs range        [9e-01, 5e+02]
-------------------------------------------------------------------
 iteration    simulation      bound        time (s)     solves  pid
-------------------------------------------------------------------
-------------------------------------------------------------------
         SDDP.jl (c) Oscar Dowson and contributors, 2017-25
-------------------------------------------------------------------
problem
  nodes           : 1
  state variables : 19
  scenarios       : Inf
  existing cuts   : false
options
  solver          : serial mode
  risk measure    : SDDP.Expectation()
  sampling scheme : SDDP.InSampleMonteCarlo
subproblem structure
  VariableRef                             : [60, 60]
  AffExpr in MOI.EqualTo{Float64}         : [20, 20]
  AffExpr in MOI.LessThan{Float64}        : [118, 118]
  VariableRef in MOI.EqualTo{Float64}     : [19, 19]
  VariableRef in MOI.GreaterThan{Float64} : [40, 40]
  VariableRef in MOI.LessThan{Float64}    : [1, 1]
numerical stability report
  matrix range     [2e-03, 1e+00]
  objective range  [1e+00, 1e+00]
  bounds range     [1e+03, 1e+03]
  rhs range        [9e-01, 5e+02]
-------------------------------------------------------------------
 iteration    simulation      bound        time (s)     solves  pid
-------------------------------------------------------------------
-------------------------------------------------------------------
         SDDP.jl (c) Oscar Dowson and contributors, 2017-25
-------------------------------------------------------------------
problem
  nodes           : 1
  state variables : 19
  scenarios       : Inf
  existing cuts   : false
options
  solver          : serial mode
  risk measure    : SDDP.Expectation()
  sampling scheme : SDDP.InSampleMonteCarlo
subproblem structure
  VariableRef                             : [60, 60]
  AffExpr in MOI.EqualTo{Float64}         : [20, 20]
  AffExpr in MOI.LessThan{Float64}        : [118, 118]
  VariableRef in MOI.EqualTo{Float64}     : [19, 19]
  VariableRef in MOI.GreaterThan{Float64} : [40, 40]
  VariableRef in MOI.LessThan{Float64}    : [1, 1]
numerical stability report
  matrix range     [2e-03, 1e+00]
  objective range  [1e+00, 1e+00]
  bounds range     [1e+03, 1e+03]
  rhs range        [9e-01, 5e+02]
-------------------------------------------------------------------
 iteration    simulation      bound        time (s)     solves  pid
-------------------------------------------------------------------
-------------------------------------------------------------------
         SDDP.jl (c) Oscar Dowson and contributors, 2017-25
-------------------------------------------------------------------
problem
  nodes           : 1
  state variables : 19
  scenarios       : Inf
  existing cuts   : false
options
  solver          : serial mode
  risk measure    : SDDP.Expectation()
  sampling scheme : SDDP.InSampleMonteCarlo
subproblem structure
  VariableRef                             : [60, 60]
  AffExpr in MOI.EqualTo{Float64}         : [20, 20]
  AffExpr in MOI.LessThan{Float64}        : [118, 118]
  VariableRef in MOI.EqualTo{Float64}     : [19, 19]
  VariableRef in MOI.GreaterThan{Float64} : [40, 40]
  VariableRef in MOI.LessThan{Float64}    : [1, 1]
numerical stability report
  matrix range     [2e-03, 1e+00]
  objective range  [1e+00, 1e+00]
  bounds range     [1e+03, 1e+03]
  rhs range        [9e-01, 5e+02]
-------------------------------------------------------------------
 iteration    simulation      bound        time (s)     solves  pid
-------------------------------------------------------------------
-------------------------------------------------------------------
         SDDP.jl (c) Oscar Dowson and contributors, 2017-25
-------------------------------------------------------------------
problem
  nodes           : 1
  state variables : 19
  scenarios       : Inf
  existing cuts   : false
options
  solver          : serial mode
  risk measure    : SDDP.Expectation()
  sampling scheme : SDDP.InSampleMonteCarlo
subproblem structure
  VariableRef                             : [60, 60]
  AffExpr in MOI.EqualTo{Float64}         : [20, 20]
  AffExpr in MOI.LessThan{Float64}        : [118, 118]
  VariableRef in MOI.GreaterThan{Float64} : [40, 40]
  VariableRef in MOI.LessThan{Float64}    : [1, 1]
numerical stability report
  matrix range     [2e-03, 1e+00]
  objective range  [1e+00, 1e+00]
  bounds range     [1e+03, 1e+03]
  rhs range        [9e-01, 5e+02]
-------------------------------------------------------------------
 iteration    simulation      bound        time (s)     solves  pid
-------------------------------------------------------------------
         1   3.625000e+01  5.085555e+02  1.900005e-02        59   1
        31   7.498125e+01  5.000113e+01  1.080000e+00      1831   1
        44   7.125000e+01  5.000001e+01  2.330000e+00      2778   1
        49   1.075000e+02  5.000001e+01  3.762000e+00      3139   1
        50   1.500000e+01  5.000001e+01  3.900000e+00      3164   1
-------------------------------------------------------------------
status         : iteration_limit
total time (s) : 3.900000e+00
total solves   : 3164
best bound     :  5.000001e+01
simulation ci  :  3.799686e+01 ± 1.212523e+01
numeric issues : 0
-------------------------------------------------------------------

-------------------------------------------------------------------
         SDDP.jl (c) Oscar Dowson and contributors, 2017-25
-------------------------------------------------------------------
problem
  nodes           : 1
  state variables : 19
  scenarios       : Inf
  existing cuts   : false
options
  solver          : serial mode
  risk measure    : SDDP.Expectation()
  sampling scheme : SDDP.InSampleMonteCarlo
subproblem structure
  VariableRef                             : [60, 60]
  AffExpr in MOI.EqualTo{Float64}         : [20, 20]
  AffExpr in MOI.LessThan{Float64}        : [2519, 2519]
  VariableRef in MOI.GreaterThan{Float64} : [40, 40]
  VariableRef in MOI.LessThan{Float64}    : [1, 1]
numerical stability report
  matrix range     [2e-03, 1e+00]
  objective range  [1e+00, 1e+00]
  bounds range     [1e+03, 1e+03]
  rhs range        [1e+00, 5e+02]
-------------------------------------------------------------------
 iteration    simulation      bound        time (s)     solves  pid
-------------------------------------------------------------------
         1   1.400000e+01  8.528083e+02  2.099991e-02        15   1
        15   1.866815e+02  8.006922e+01  1.052000e+00      1019   1
        25   2.400000e+02  8.000076e+01  2.154000e+00      1907   1
        33   9.800000e+01  8.000004e+01  3.404000e+00      2479   1
        36   8.800000e+01  8.000004e+01  4.868000e+00      2690   1
        39   1.020000e+02  8.000004e+01  6.219000e+00      2823   1
        40   8.600000e+01  8.000004e+01  7.267000e+00      2910   1
        42   3.000000e+01  8.000004e+01  8.284000e+00      2986   1
        46   7.000000e+01  8.000004e+01  1.376500e+01      3298   1
        49   2.160000e+02  8.000004e+01  2.115000e+01      3595   1
        50   1.380000e+02  8.000004e+01  2.586400e+01      3734   1
-------------------------------------------------------------------
status         : iteration_limit
total time (s) : 2.586400e+01
total solves   : 3734
best bound     :  8.000004e+01
simulation ci  :  6.986900e+01 ± 1.590326e+01
numeric issues : 0
-------------------------------------------------------------------

-------------------------------------------------------------------
         SDDP.jl (c) Oscar Dowson and contributors, 2017-25
-------------------------------------------------------------------
problem
  nodes           : 1
  state variables : 19
  scenarios       : Inf
  existing cuts   : false
options
  solver          : serial mode
  risk measure    : SDDP.Expectation()
  sampling scheme : SDDP.InSampleMonteCarlo
subproblem structure
  VariableRef                             : [60, 60]
  AffExpr in MOI.EqualTo{Float64}         : [20, 20]
  AffExpr in MOI.LessThan{Float64}        : [119, 119]
  VariableRef in MOI.GreaterThan{Float64} : [40, 40]
  VariableRef in MOI.LessThan{Float64}    : [1, 1]
numerical stability report
  matrix range     [2e-03, 2e+00]
  objective range  [1e+00, 1e+00]
  bounds range     [1e+03, 1e+03]
  rhs range        [5e-01, 5e+02]
-------------------------------------------------------------------
 iteration    simulation      bound        time (s)     solves  pid
-------------------------------------------------------------------
         1   7.250000e+01  5.455030e+02  2.999997e-02        59   1
        14   5.500000e+01  1.000030e+02  1.190000e+00      1434   1
        20   1.925000e+02  1.000000e+02  2.579000e+00      2250   1
        25   1.675000e+02  1.000000e+02  4.144000e+00      2583   1
        27   2.975000e+02  1.000000e+02  7.193000e+00      2935   1
        28   1.450000e+02  1.000000e+02  8.493000e+00      3052   1
        33   2.450000e+02  1.000000e+02  1.414100e+01      3477   1
        35   3.725000e+02  1.000000e+02  2.308500e+01      3905   1
        37   2.550000e+02  1.000000e+02  2.909900e+01      4127   1
        41   1.075000e+02  1.000000e+02  3.515900e+01      4365   1
        44   1.600000e+02  1.000000e+02  4.318800e+01      4634   1
        45   1.950000e+02  1.000000e+02  4.925000e+01      4791   1
        47   5.000000e+01  1.000000e+02  5.541500e+01      4961   1
        48   2.900000e+02  1.000000e+02  6.447800e+01      5194   1
        50   1.750000e+01  1.000000e+02  6.613100e+01      5232   1
-------------------------------------------------------------------
status         : iteration_limit
total time (s) : 6.613100e+01
total solves   : 5232
best bound     :  1.000000e+02
simulation ci  :  1.269885e+02 ± 3.181840e+01
numeric issues : 0
-------------------------------------------------------------------

-------------------------------------------------------------------
         SDDP.jl (c) Oscar Dowson and contributors, 2017-25
-------------------------------------------------------------------
problem
  nodes           : 1
  state variables : 19
  scenarios       : Inf
  existing cuts   : false
options
  solver          : serial mode
  risk measure    : SDDP.Expectation()
  sampling scheme : SDDP.InSampleMonteCarlo
subproblem structure
  VariableRef                             : [60, 60]
  AffExpr in MOI.EqualTo{Float64}         : [20, 20]
  AffExpr in MOI.LessThan{Float64}        : [2518, 2518]
  VariableRef in MOI.GreaterThan{Float64} : [40, 40]
  VariableRef in MOI.LessThan{Float64}    : [1, 1]
numerical stability report
  matrix range     [2e-03, 1e+00]
  objective range  [1e+00, 1e+00]
  bounds range     [1e+03, 1e+03]
  rhs range        [1e+00, 5e+02]
-------------------------------------------------------------------
 iteration    simulation      bound        time (s)     solves  pid
-------------------------------------------------------------------
         1   4.000000e+00  9.564762e+02  1.900005e-02         5   1
        13   9.200247e+01  8.008677e+01  1.023000e+00       943   1
        21   3.459705e+02  8.000003e+01  2.045000e+00      1819   1
        25   8.200000e+01  8.000003e+01  3.148000e+00      2101   1
        26   1.640000e+02  8.000003e+01  4.413000e+00      2266   1
        27   1.140000e+02  8.000003e+01  5.566000e+00      2381   1
        28   8.600000e+01  8.000003e+01  6.577000e+00      2468   1
        29   1.160000e+02  8.000003e+01  8.597000e+00      2585   1
        30   5.400000e+01  8.000003e+01  9.641000e+00      2640   1
        33   8.200000e+01  8.000003e+01  1.604500e+01      2925   1
        35   1.780000e+02  8.000003e+01  2.276700e+01      3187   1
        38   9.000000e+01  8.000003e+01  2.897700e+01      3386   1
        40   1.660000e+02  8.000003e+01  3.678700e+01      3564   1
        43   5.400000e+01  8.000003e+01  4.270300e+01      3695   1
        47   4.600000e+01  8.000003e+01  4.880000e+01      3831   1
        50   4.000000e+00  8.000003e+01  5.195300e+01      3898   1
-------------------------------------------------------------------
status         : iteration_limit
total time (s) : 5.195300e+01
total solves   : 3898
best bound     :  8.000003e+01
simulation ci  :  7.633677e+01 ± 1.746381e+01
numeric issues : 0
-------------------------------------------------------------------

-------------------------------------------------------------------
         SDDP.jl (c) Oscar Dowson and contributors, 2017-25
-------------------------------------------------------------------
problem
  nodes           : 1
  state variables : 19
  scenarios       : Inf
  existing cuts   : false
options
  solver          : serial mode
  risk measure    : SDDP.Expectation()
  sampling scheme : SDDP.InSampleMonteCarlo
subproblem structure
  VariableRef                             : [60, 60]
  AffExpr in MOI.EqualTo{Float64}         : [20, 20]
  AffExpr in MOI.LessThan{Float64}        : [118, 118]
  VariableRef in MOI.GreaterThan{Float64} : [40, 40]
  VariableRef in MOI.LessThan{Float64}    : [1, 1]
numerical stability report
  matrix range     [2e-03, 1e+00]
  objective range  [1e+00, 1e+00]
  bounds range     [1e+03, 1e+03]
  rhs range        [9e-01, 5e+02]
-------------------------------------------------------------------
 iteration    simulation      bound        time (s)     solves  pid
-------------------------------------------------------------------
         1   1.750000e+01  7.186293e+02  1.399994e-02        29   1
        18   1.050000e+02  5.007105e+01  1.071000e+00      1842   1
        34   8.000000e+01  5.000004e+01  2.208000e+00      2852   1
        41   9.125000e+01  5.000004e+01  3.476000e+00      3257   1
        49   8.125000e+01  5.000004e+01  5.255000e+00      3575   1
        50   1.875000e+02  5.000004e+01  7.724000e+00      3876   1
-------------------------------------------------------------------
status         : iteration_limit
total time (s) : 7.724000e+00
total solves   : 3876
best bound     :  5.000004e+01
simulation ci  :  4.689791e+01 ± 1.581821e+01
numeric issues : 0
-------------------------------------------------------------------

-------------------------------------------------------------------
         SDDP.jl (c) Oscar Dowson and contributors, 2017-25
-------------------------------------------------------------------
problem
  nodes           : 1
  state variables : 19
  scenarios       : Inf
  existing cuts   : true
options
  solver          : serial mode
  risk measure    : SDDP.Expectation()
  sampling scheme : SDDP.InSampleMonteCarlo
subproblem structure
  VariableRef                             : [60, 60]
  AffExpr in MOI.EqualTo{Float64}         : [20, 20]
  AffExpr in MOI.LessThan{Float64}        : [2535, 2535]
  VariableRef in MOI.EqualTo{Float64}     : [19, 19]
  VariableRef in MOI.GreaterThan{Float64} : [40, 40]
  VariableRef in MOI.LessThan{Float64}    : [1, 1]
numerical stability report
  matrix range     [2e-03, 4e+00]
  objective range  [1e+00, 1e+00]
  bounds range     [1e+03, 1e+03]
  rhs range        [1e+00, 5e+02]
-------------------------------------------------------------------
 iteration    simulation      bound        time (s)     solves  pid
-------------------------------------------------------------------
         1   2.600000e+02  8.000004e+01  9.295000e+00      3995   1
         4   8.800000e+01  8.000004e+01  1.627400e+01      4164   1
         5   3.300000e+02  8.000004e+01  3.302400e+01      4495   1
         7   2.180000e+02  8.000004e+01  4.686200e+01      4739   1
        10   8.400000e+01  8.000004e+01  5.710900e+01      4906   1
        13   2.000000e+00  8.000004e+01  6.218000e+01      4985   1
        17   7.000000e+01  8.000004e+01  7.150000e+01      5121   1
        20   7.400000e+01  8.000004e+01  8.192700e+01      5262   1
        22   5.000000e+01  8.000004e+01  9.019300e+01      5366   1
        23   2.260000e+02  8.000004e+01  1.095940e+02      5593   1
        28   1.580000e+02  8.000004e+01  1.538460e+02      6018   1
        34   2.600000e+02  8.000004e+01  2.068280e+02      6444   1
        40   1.020000e+02  8.000004e+01  2.499700e+02      6752   1
        43   2.100000e+02  8.000004e+01  2.905860e+02      7015   1
        46   1.600000e+02  8.000004e+01  3.259760e+02      7228   1
        49   6.600000e+01  8.000004e+01  3.650910e+02      7449   1
        50   4.000000e+01  8.000004e+01  3.724070e+02      7490   1
-------------------------------------------------------------------
status         : iteration_limit
total time (s) : 3.724070e+02
total solves   : 7490
best bound     :  8.000004e+01
simulation ci  :  7.412000e+01 ± 2.131428e+01
numeric issues : 0
-------------------------------------------------------------------

-------------------------------------------------------------------
         SDDP.jl (c) Oscar Dowson and contributors, 2017-25
-------------------------------------------------------------------
problem
  nodes           : 1
  state variables : 19
  scenarios       : Inf
  existing cuts   : true
options
  solver          : serial mode
  risk measure    : SDDP.Expectation()
  sampling scheme : SDDP.InSampleMonteCarlo
subproblem structure
  VariableRef                             : [60, 60]
  AffExpr in MOI.EqualTo{Float64}         : [20, 20]
  AffExpr in MOI.LessThan{Float64}        : [139, 139]
  VariableRef in MOI.EqualTo{Float64}     : [19, 19]
  VariableRef in MOI.GreaterThan{Float64} : [40, 40]
  VariableRef in MOI.LessThan{Float64}    : [1, 1]
numerical stability report
  matrix range     [2e-03, 4e+00]
  objective range  [1e+00, 1e+00]
  bounds range     [1e+03, 1e+03]
  rhs range        [5e-01, 5e+02]
-------------------------------------------------------------------
 iteration    simulation      bound        time (s)     solves  pid
-------------------------------------------------------------------
         1   3.500000e+01  1.000000e+02  1.190000e+00      5261   1
         2   9.000000e+01  1.000000e+02  4.305000e+00      5334   1
         4   1.650000e+02  1.000000e+02  1.051800e+01      5474   1
         6   1.375000e+02  1.000000e+02  1.578600e+01      5588   1
         7   1.925000e+02  1.000000e+02  2.383500e+01      5743   1
        10   4.250000e+01  1.000000e+02  2.912200e+01      5836   1
        12   1.300000e+02  1.000000e+02  3.859100e+01      5992   1
        14   2.025000e+02  1.000000e+02  5.380500e+01      6228   1
        17   8.750000e+01  1.000000e+02  6.253100e+01      6355   1
        18   1.150000e+02  1.000000e+02  6.918900e+01      6448   1
        20   9.000000e+01  1.000000e+02  7.724800e+01      6556   1
        23   6.750000e+01  1.000000e+02  8.359600e+01      6641   1
        25   8.500000e+01  1.000000e+02  9.177300e+01      6745   1
        27   5.500000e+01  1.000000e+02  9.777500e+01      6819   1
        28   2.175000e+02  1.000000e+02  1.127160e+02      6994   1
        30   3.550000e+02  1.000000e+02  1.519840e+02      7406   1
        37   1.075000e+02  1.000000e+02  1.860330e+02      7735   1
        42   8.250000e+01  1.000000e+02  2.203420e+02      8036   1
        50   1.000000e+02  1.000000e+02  2.537250e+02      8310   1
-------------------------------------------------------------------
status         : iteration_limit
total time (s) : 2.537250e+02
total solves   : 8310
best bound     :  1.000000e+02
simulation ci  :  7.570000e+01 ± 1.828115e+01
numeric issues : 0
-------------------------------------------------------------------

