-------------------------------------------------------------------
         SDDP.jl (c) Oscar Dowson and contributors, 2017-25
-------------------------------------------------------------------
problem
  nodes           : 1
  state variables : 5
  scenarios       : Inf
  existing cuts   : false
options
  solver          : serial mode
  risk measure    : SDDP.Expectation()
  sampling scheme : SDDP.InSampleMonteCarlo
subproblem structure
  VariableRef                             : [17, 17]
  AffExpr in MOI.EqualTo{Float64}         : [7, 7]
  AffExpr in MOI.LessThan{Float64}        : [5, 5]
  VariableRef in MOI.GreaterThan{Float64} : [11, 11]
  VariableRef in MOI.LessThan{Float64}    : [1, 1]
numerical stability report
  matrix range     [8e-01, 8e+01]
  objective range  [0e+00, 0e+00]
  bounds range     [1e+03, 1e+03]
  rhs range        [1e+00, 1e+00]
-------------------------------------------------------------------
 iteration    simulation      bound        time (s)     solves  pid
-------------------------------------------------------------------
-------------------------------------------------------------------
         SDDP.jl (c) Oscar Dowson and contributors, 2017-25
-------------------------------------------------------------------
problem
  nodes           : 1
  state variables : 5
  scenarios       : Inf
  existing cuts   : false
options
  solver          : serial mode
  risk measure    : SDDP.Expectation()
  sampling scheme : SDDP.InSampleMonteCarlo
subproblem structure
  VariableRef                             : [17, 17]
  AffExpr in MOI.EqualTo{Float64}         : [7, 7]
  AffExpr in MOI.LessThan{Float64}        : [5, 5]
  VariableRef in MOI.GreaterThan{Float64} : [11, 11]
  VariableRef in MOI.LessThan{Float64}    : [1, 1]
numerical stability report
  matrix range     [8e-01, 8e+01]
  objective range  [0e+00, 0e+00]
  bounds range     [1e+02, 1e+02]
  rhs range        [1e+00, 1e+00]
-------------------------------------------------------------------
 iteration    simulation      bound        time (s)     solves  pid
-------------------------------------------------------------------
         1   2.021423e+02 -5.250550e+06  8.727000e+00       227   1
         3   3.984127e+01 -5.543578e+06  9.852000e+00       297   1
-------------------------------------------------------------------
         SDDP.jl (c) Oscar Dowson and contributors, 2017-25
-------------------------------------------------------------------
problem
  nodes           : 1
  state variables : 5
  scenarios       : Inf
  existing cuts   : false
options
  solver          : serial mode
  risk measure    : SDDP.Expectation()
  sampling scheme : SDDP.InSampleMonteCarlo
subproblem structure
  VariableRef                             : [17, 17]
  AffExpr in MOI.EqualTo{Float64}         : [7, 7]
  AffExpr in MOI.LessThan{Float64}        : [5, 5]
  VariableRef in MOI.GreaterThan{Float64} : [11, 11]
  VariableRef in MOI.LessThan{Float64}    : [1, 1]
numerical stability report
  matrix range     [8e-01, 8e+01]
  objective range  [0e+00, 0e+00]
  bounds range     [1e+02, 1e+02]
  rhs range        [1e+00, 1e+00]
-------------------------------------------------------------------
 iteration    simulation      bound        time (s)     solves  pid
-------------------------------------------------------------------
         1   9.302121e+01 -1.573945e+06  1.290000e+00       105   1
         2   2.637003e+02 -2.340898e+06  4.023000e+00       236   1
         3   4.677024e+02 -2.764213e+06  6.377000e+00       383   1
         4   3.814153e+02 -3.693320e+09  7.921000e+00       500   1
         6   2.619051e+02 -3.693282e+09  9.338000e+00       588   1
        10   1.184043e+03 -3.693282e+09  2.000100e+01      1140   1
        11   1.478262e+03 -3.693282e+09  4.729100e+01      1535   1
        12   2.256878e+02 -3.693282e+09  5.665500e+01      1602   1
        13   3.592109e+02 -3.693282e+09  7.088300e+01      1705   1
†       15   2.933638e+02 -3.693282e+09  8.297900e+01      1803   1
-------------------------------------------------------------------
         SDDP.jl (c) Oscar Dowson and contributors, 2017-25
-------------------------------------------------------------------
problem
  nodes           : 1
  state variables : 5
  scenarios       : Inf
  existing cuts   : false
options
  solver          : serial mode
  risk measure    : SDDP.Expectation()
  sampling scheme : SDDP.InSampleMonteCarlo
subproblem structure
  VariableRef                             : [17, 17]
  AffExpr in MOI.EqualTo{Float64}         : [7, 7]
  AffExpr in MOI.LessThan{Float64}        : [5, 5]
  VariableRef in MOI.GreaterThan{Float64} : [11, 11]
  VariableRef in MOI.LessThan{Float64}    : [1, 1]
numerical stability report
  matrix range     [8e-01, 8e+01]
  objective range  [0e+00, 0e+00]
  bounds range     [1e+02, 1e+02]
  rhs range        [1e+00, 1e+00]
-------------------------------------------------------------------
 iteration    simulation      bound        time (s)     solves  pid
-------------------------------------------------------------------
         1   1.037544e+02 -1.693732e+06  2.363000e+00       117   1
