-------------------------------------------------------------------
         SDDP.jl (c) Oscar Dowson and contributors, 2017-25
-------------------------------------------------------------------
problem
  nodes           : 1
  state variables : 5
  scenarios       : Inf
  existing cuts   : false
options
  solver          : serial mode
  risk measure    : SDDP.Expectation()
  sampling scheme : SDDP.InSampleMonteCarlo
subproblem structure
  VariableRef                             : [17, 17]
  AffExpr in MOI.EqualTo{Float64}         : [7, 7]
  AffExpr in MOI.LessThan{Float64}        : [5, 5]
  VariableRef in MOI.GreaterThan{Float64} : [11, 11]
  VariableRef in MOI.LessThan{Float64}    : [1, 1]
numerical stability report
  matrix range     [8e-01, 8e+01]
  objective range  [0e+00, 0e+00]
  bounds range     [5e+03, 5e+03]
  rhs range        [1e+00, 1e+00]
-------------------------------------------------------------------
 iteration    simulation      bound        time (s)     solves  pid
-------------------------------------------------------------------
         1   1.902874e+03  5.036861e+03  1.464900e+01        45   1
        21   5.406017e+03  4.067547e+03  1.971900e+01      2209   1
        39   2.046271e+03  4.067544e+03  2.482300e+01      3607   1
        46   3.769003e+03  4.067544e+03  2.992700e+01      4446   1
        50   1.268688e+04  4.067544e+03  3.433700e+01      4978   1
-------------------------------------------------------------------
status         : iteration_limit
total time (s) : 3.433700e+01
total solves   : 4978
best bound     :  4.067544e+03
simulation ci  :  4.995921e+03 ± 1.164347e+03
numeric issues : 0
-------------------------------------------------------------------

-------------------------------------------------------------------
         SDDP.jl (c) Oscar Dowson and contributors, 2017-25
-------------------------------------------------------------------
problem
  nodes           : 1
  state variables : 5
  scenarios       : Inf
  existing cuts   : false
options
  solver          : serial mode
  risk measure    : SDDP.Expectation()
  sampling scheme : SDDP.InSampleMonteCarlo
subproblem structure
  VariableRef                             : [18, 18]
  AffExpr in MOI.EqualTo{Float64}         : [7, 7]
  AffExpr in MOI.LessThan{Float64}        : [2505, 2505]
  VariableRef in MOI.GreaterThan{Float64} : [12, 12]
  VariableRef in MOI.LessThan{Float64}    : [1, 1]
numerical stability report
  matrix range     [4e-03, 8e+01]
  objective range  [1e+00, 1e+00]
  bounds range     [5e+03, 5e+03]
  rhs range        [1e+00, 2e+02]
-------------------------------------------------------------------
 iteration    simulation      bound        time (s)     solves  pid
-------------------------------------------------------------------
         1   5.220000e+01  4.835099e+03  2.240000e-01        59   1
         7   3.524154e+02  3.846452e+02  1.381000e+00       465   1
         9   1.195343e+03  3.259574e+02  2.478000e+00       799   1
        14   3.921546e+02  3.224436e+02  3.798000e+00      1166   1
        22   3.584514e+02  3.223183e+02  5.070000e+00      1560   1
        25   1.073539e+03  3.223174e+02  6.587000e+00      2001   1
        29   5.335141e+02  3.223170e+02  7.593000e+00      2339   1
        30   1.619664e+03  3.223170e+02  8.652000e+00      2728   1
        45   2.635015e+02  3.223170e+02  1.369600e+01      3815   1
        50   6.347689e+02  3.223170e+02  1.793800e+01      4194   1
-------------------------------------------------------------------
status         : iteration_limit
total time (s) : 1.793800e+01
total solves   : 4194
best bound     :  3.223170e+02
simulation ci  :  3.213669e+02 ± 1.102390e+02
numeric issues : 0
-------------------------------------------------------------------

-------------------------------------------------------------------
         SDDP.jl (c) Oscar Dowson and contributors, 2017-25
-------------------------------------------------------------------
problem
  nodes           : 1
  state variables : 5
  scenarios       : Inf
  existing cuts   : false
options
  solver          : serial mode
  risk measure    : SDDP.Expectation()
  sampling scheme : SDDP.InSampleMonteCarlo
subproblem structure
  VariableRef                             : [18, 18]
  AffExpr in MOI.EqualTo{Float64}         : [7, 7]
  AffExpr in MOI.LessThan{Float64}        : [205, 205]
  VariableRef in MOI.GreaterThan{Float64} : [12, 12]
  VariableRef in MOI.LessThan{Float64}    : [1, 1]
numerical stability report
  matrix range     [4e-03, 8e+01]
  objective range  [1e+00, 1e+00]
  bounds range     [5e+03, 5e+03]
  rhs range        [5e-01, 2e+02]
-------------------------------------------------------------------
 iteration    simulation      bound        time (s)     solves  pid
-------------------------------------------------------------------
         1   6.300000e+00  4.786295e+03  4.999876e-03         7   1
         9   1.386000e+02  3.508323e+02  1.169000e+00       907   1
        27   3.632752e+02  3.141485e+02  2.397000e+00      1869   1
        36   5.209741e+02  3.140657e+02  3.497000e+00      2728   1
        49   1.723510e+02  3.140519e+02  4.512000e+00      3311   1
        50   2.750000e+00  3.140519e+02  4.615000e+00      3316   1
-------------------------------------------------------------------
status         : iteration_limit
total time (s) : 4.615000e+00
total solves   : 3316
best bound     :  3.140519e+02
simulation ci  :  2.269121e+02 ± 7.046420e+01
numeric issues : 0
-------------------------------------------------------------------

-------------------------------------------------------------------
         SDDP.jl (c) Oscar Dowson and contributors, 2017-25
-------------------------------------------------------------------
problem
  nodes           : 1
  state variables : 5
  scenarios       : Inf
  existing cuts   : false
options
  solver          : serial mode
  risk measure    : SDDP.Expectation()
  sampling scheme : SDDP.InSampleMonteCarlo
subproblem structure
  VariableRef                             : [18, 18]
  AffExpr in MOI.EqualTo{Float64}         : [7, 7]
  AffExpr in MOI.LessThan{Float64}        : [2504, 2504]
  VariableRef in MOI.GreaterThan{Float64} : [12, 12]
  VariableRef in MOI.LessThan{Float64}    : [1, 1]
numerical stability report
  matrix range     [4e-03, 8e+01]
  objective range  [1e+00, 1e+00]
  bounds range     [5e+03, 5e+03]
  rhs range        [1e+00, 2e+02]
-------------------------------------------------------------------
 iteration    simulation      bound        time (s)     solves  pid
-------------------------------------------------------------------
         1   1.779662e+02  1.419440e+03  5.739999e-01       185   1
         6   4.296157e+02  4.203156e+02  2.267000e+00       632   1
        10   1.386439e+02  3.228268e+02  3.613000e+00       914   1
        13   9.356364e+02  2.818785e+02  5.002000e+00      1309   1
        18   5.698772e+02  2.799056e+02  6.151000e+00      1638   1
        24   3.732789e+01  2.798112e+02  7.192000e+00      1884   1
        27   5.118547e+02  2.798093e+02  8.222000e+00      2175   1
        33   1.005191e+03  2.798089e+02  9.800000e+00      2665   1
        45   3.753400e+02  2.798089e+02  1.519500e+01      3815   1
        50   5.887160e+02  2.798089e+02  1.760700e+01      4216   1
-------------------------------------------------------------------
status         : iteration_limit
total time (s) : 1.760700e+01
total solves   : 4216
best bound     :  2.798089e+02
simulation ci  :  2.599488e+02 ± 7.419743e+01
numeric issues : 0
-------------------------------------------------------------------

-------------------------------------------------------------------
         SDDP.jl (c) Oscar Dowson and contributors, 2017-25
-------------------------------------------------------------------
problem
  nodes           : 1
  state variables : 5
  scenarios       : Inf
  existing cuts   : false
options
  solver          : serial mode
  risk measure    : SDDP.Expectation()
  sampling scheme : SDDP.InSampleMonteCarlo
subproblem structure
  VariableRef                             : [18, 18]
  AffExpr in MOI.EqualTo{Float64}         : [7, 7]
  AffExpr in MOI.LessThan{Float64}        : [204, 204]
  VariableRef in MOI.GreaterThan{Float64} : [12, 12]
  VariableRef in MOI.LessThan{Float64}    : [1, 1]
numerical stability report
  matrix range     [4e-03, 8e+01]
  objective range  [1e+00, 1e+00]
  bounds range     [5e+03, 5e+03]
  rhs range        [8e-01, 2e+02]
-------------------------------------------------------------------
 iteration    simulation      bound        time (s)     solves  pid
-------------------------------------------------------------------
         1   2.233333e+01  4.799386e+03  3.200006e-02        31   1
        10   2.203556e+02  6.754092e+02  1.316000e+00       874   1
        25   6.312011e+02  3.121351e+02  2.446000e+00      1993   1
        34   1.642538e+03  3.119329e+02  3.868000e+00      3032   1
        45   1.312174e+02  3.119322e+02  4.875000e+00      3701   1
        50   9.306879e-01  3.119322e+02  5.581000e+00      4006   1
-------------------------------------------------------------------
status         : iteration_limit
total time (s) : 5.581000e+00
total solves   : 4006
best bound     :  3.119322e+02
simulation ci  :  2.561168e+02 ± 8.203671e+01
numeric issues : 0
-------------------------------------------------------------------

-------------------------------------------------------------------
         SDDP.jl (c) Oscar Dowson and contributors, 2017-25
-------------------------------------------------------------------
problem
  nodes           : 1
  state variables : 8
  scenarios       : Inf
  existing cuts   : false
options
  solver          : serial mode
  risk measure    : SDDP.Expectation()
  sampling scheme : SDDP.InSampleMonteCarlo
subproblem structure
  VariableRef                             : [28, 28]
  AffExpr in MOI.EqualTo{Float64}         : [10, 10]
  AffExpr in MOI.LessThan{Float64}        : [200, 200]
  VariableRef in MOI.GreaterThan{Float64} : [19, 19]
  VariableRef in MOI.LessThan{Float64}    : [1, 1]
numerical stability report
  matrix range     [4e-03, 5e+02]
  objective range  [1e+00, 1e+00]
  bounds range     [8e+04, 8e+04]
  rhs range        [5e-01, 2e+02]
-------------------------------------------------------------------
 iteration    simulation      bound        time (s)     solves  pid
-------------------------------------------------------------------
         1   8.571161e+02  8.059647e+04  4.800010e-02        25   1
        18   2.622500e+02  1.441701e+04  1.050000e+00       896   1
        30   2.242553e+03  1.414895e+04  2.060000e+00      1634   1
        44   1.095250e+04  1.414137e+04  3.176000e+00      2266   1
        50   3.244387e+03  1.413796e+04  4.142000e+00      2732   1
-------------------------------------------------------------------
status         : iteration_limit
total time (s) : 4.142000e+00
total solves   : 2732
best bound     :  1.413796e+04
simulation ci  :  7.902418e+03 ± 3.120706e+03
numeric issues : 0
-------------------------------------------------------------------

-------------------------------------------------------------------
         SDDP.jl (c) Oscar Dowson and contributors, 2017-25
-------------------------------------------------------------------
problem
  nodes           : 1
  state variables : 8
  scenarios       : Inf
  existing cuts   : false
options
  solver          : serial mode
  risk measure    : SDDP.Expectation()
  sampling scheme : SDDP.InSampleMonteCarlo
subproblem structure
  VariableRef                             : [28, 28]
  AffExpr in MOI.EqualTo{Float64}         : [10, 10]
  AffExpr in MOI.LessThan{Float64}        : [200, 200]
  VariableRef in MOI.GreaterThan{Float64} : [19, 19]
  VariableRef in MOI.LessThan{Float64}    : [1, 1]
numerical stability report
  matrix range     [4e-03, 5e+02]
  objective range  [1e+00, 1e+00]
  bounds range     [8e+04, 8e+04]
  rhs range        [5e-01, 2e+02]
-------------------------------------------------------------------
 iteration    simulation      bound        time (s)     solves  pid
-------------------------------------------------------------------
         1   2.217662e+03  8.059762e+04  1.660001e-01       143   1
        16   8.467771e+03  2.332935e+04  1.238000e+00       962   1
        19   1.079317e+05  1.786785e+04  2.334000e+00      1591   1
        22   2.877477e+04  1.736156e+04  3.573000e+00      2278   1
        34   8.801185e+03  1.733603e+04  4.619000e+00      2794   1
        41   6.370130e+04  1.733603e+04  6.277000e+00      3391   1
        44   7.891989e+04  1.733603e+04  7.879000e+00      3844   1
        47   8.652918e+04  1.733603e+04  9.066000e+00      4191   1
        50   4.721451e+04  1.733603e+04  1.081200e+01      4702   1
-------------------------------------------------------------------
status         : iteration_limit
total time (s) : 1.081200e+01
total solves   : 4702
best bound     :  1.733603e+04
simulation ci  :  1.883791e+04 ± 7.727857e+03
numeric issues : 0
-------------------------------------------------------------------

-------------------------------------------------------------------
         SDDP.jl (c) Oscar Dowson and contributors, 2017-25
-------------------------------------------------------------------
problem
  nodes           : 1
  state variables : 8
  scenarios       : Inf
  existing cuts   : false
options
  solver          : serial mode
  risk measure    : SDDP.Expectation()
  sampling scheme : SDDP.InSampleMonteCarlo
subproblem structure
  VariableRef                             : [28, 28]
  AffExpr in MOI.EqualTo{Float64}         : [10, 10]
  AffExpr in MOI.LessThan{Float64}        : [200, 200]
  VariableRef in MOI.GreaterThan{Float64} : [19, 19]
  VariableRef in MOI.LessThan{Float64}    : [1, 1]
numerical stability report
  matrix range     [4e-03, 6e+02]
  objective range  [1e+00, 1e+00]
  bounds range     [8e+04, 8e+04]
  rhs range        [5e-01, 2e+02]
-------------------------------------------------------------------
 iteration    simulation      bound        time (s)     solves  pid
-------------------------------------------------------------------
         1   1.792817e+03  8.063789e+04  7.000000e-01       161   1
        18   7.773622e+03  1.094797e+04  1.704000e+00      1056   1
        25   1.632549e+04  1.078168e+04  2.792000e+00      1855   1
        27   5.787630e+04  1.076826e+04  3.870000e+00      2273   1
        36   2.484385e+04  1.076502e+04  5.570000e+00      2958   1
        38   3.091304e+04  1.076502e+04  6.582000e+00      3208   1
        48   1.331494e+04  1.076490e+04  7.773000e+00      3780   1
        50   2.909212e+04  1.076489e+04  8.520000e+00      4040   1
-------------------------------------------------------------------
status         : iteration_limit
total time (s) : 8.520000e+00
total solves   : 4040
best bound     :  1.076489e+04
simulation ci  :  1.003055e+04 ± 3.220884e+03
numeric issues : 0
-------------------------------------------------------------------

-------------------------------------------------------------------
         SDDP.jl (c) Oscar Dowson and contributors, 2017-25
-------------------------------------------------------------------
problem
  nodes           : 1
  state variables : 8
  scenarios       : Inf
  existing cuts   : false
options
  solver          : serial mode
  risk measure    : SDDP.Expectation()
  sampling scheme : SDDP.InSampleMonteCarlo
subproblem structure
  VariableRef                             : [28, 28]
  AffExpr in MOI.EqualTo{Float64}         : [10, 10]
  AffExpr in MOI.LessThan{Float64}        : [200, 200]
  VariableRef in MOI.GreaterThan{Float64} : [19, 19]
  VariableRef in MOI.LessThan{Float64}    : [1, 1]
numerical stability report
  matrix range     [4e-03, 6e+02]
  objective range  [1e+00, 1e+00]
  bounds range     [8e+04, 8e+04]
  rhs range        [5e-01, 2e+02]
-------------------------------------------------------------------
 iteration    simulation      bound        time (s)     solves  pid
-------------------------------------------------------------------
         1   1.125829e+03  8.064120e+04  5.299997e-02        69   1
        21   4.165668e+03  1.203837e+04  1.055000e+00      1341   1
        35   2.917197e+04  1.176354e+04  2.065000e+00      2619   1
        38   5.876191e+04  1.176260e+04  3.085000e+00      3176   1
        49   2.270774e+04  1.176188e+04  4.279000e+00      3975   1
        50   1.896625e+04  1.176188e+04  4.513000e+00      4102   1
-------------------------------------------------------------------
status         : iteration_limit
total time (s) : 4.513000e+00
total solves   : 4102
best bound     :  1.176188e+04
simulation ci  :  1.147142e+04 ± 3.132718e+03
numeric issues : 0
-------------------------------------------------------------------

-------------------------------------------------------------------
         SDDP.jl (c) Oscar Dowson and contributors, 2017-25
-------------------------------------------------------------------
problem
  nodes           : 1
  state variables : 8
  scenarios       : Inf
  existing cuts   : false
options
  solver          : serial mode
  risk measure    : SDDP.Expectation()
  sampling scheme : SDDP.InSampleMonteCarlo
subproblem structure
  VariableRef                             : [28, 28]
  AffExpr in MOI.EqualTo{Float64}         : [10, 10]
  AffExpr in MOI.LessThan{Float64}        : [200, 200]
  VariableRef in MOI.GreaterThan{Float64} : [19, 19]
  VariableRef in MOI.LessThan{Float64}    : [1, 1]
numerical stability report
  matrix range     [4e-03, 8e+02]
  objective range  [1e+00, 1e+00]
  bounds range     [8e+04, 8e+04]
  rhs range        [5e-01, 2e+02]
-------------------------------------------------------------------
 iteration    simulation      bound        time (s)     solves  pid
-------------------------------------------------------------------
         1   1.053371e+03  8.076147e+04  1.600003e-02        33   1
        13   8.505863e+03  6.051640e+03  1.044000e+00      1587   1
        24   6.017486e+03  5.516491e+03  2.100000e+00      2780   1
        41   3.004940e+04  5.514328e+03  3.608000e+00      4047   1
        47   1.247247e+04  5.514213e+03  4.854000e+00      4741   1
        50   2.521728e+03  5.514211e+03  5.306000e+00      4964   1
-------------------------------------------------------------------
status         : iteration_limit
total time (s) : 5.306000e+00
total solves   : 4964
best bound     :  5.514211e+03
simulation ci  :  5.841654e+03 ± 1.453187e+03
numeric issues : 0
-------------------------------------------------------------------

-------------------------------------------------------------------
         SDDP.jl (c) Oscar Dowson and contributors, 2017-25
-------------------------------------------------------------------
problem
  nodes           : 1
  state variables : 8
  scenarios       : Inf
  existing cuts   : false
options
  solver          : serial mode
  risk measure    : SDDP.Expectation()
  sampling scheme : SDDP.InSampleMonteCarlo
subproblem structure
  VariableRef                             : [28, 28]
  AffExpr in MOI.EqualTo{Float64}         : [10, 10]
  AffExpr in MOI.LessThan{Float64}        : [200, 200]
  VariableRef in MOI.GreaterThan{Float64} : [19, 19]
  VariableRef in MOI.LessThan{Float64}    : [1, 1]
numerical stability report
  matrix range     [4e-03, 8e+02]
  objective range  [1e+00, 1e+00]
  bounds range     [8e+04, 8e+04]
  rhs range        [5e-01, 2e+02]
-------------------------------------------------------------------
 iteration    simulation      bound        time (s)     solves  pid
-------------------------------------------------------------------
         1   1.204176e+03  8.076004e+04  2.100015e-02        49   1
        25   1.788983e+03  1.102788e+04  1.021000e+00      1679   1
        36   1.548705e+04  1.053240e+04  2.052000e+00      2812   1
        46   7.229073e+03  1.044770e+04  3.138000e+00      3634   1
        50   9.364628e+03  1.044583e+04  3.620000e+00      3966   1
-------------------------------------------------------------------
status         : iteration_limit
total time (s) : 3.620000e+00
total solves   : 3966
best bound     :  1.044583e+04
simulation ci  :  8.204597e+03 ± 2.388208e+03
numeric issues : 0
-------------------------------------------------------------------

-------------------------------------------------------------------
         SDDP.jl (c) Oscar Dowson and contributors, 2017-25
-------------------------------------------------------------------
problem
  nodes           : 1
  state variables : 8
  scenarios       : Inf
  existing cuts   : false
options
  solver          : serial mode
  risk measure    : SDDP.Expectation()
  sampling scheme : SDDP.InSampleMonteCarlo
subproblem structure
  VariableRef                             : [28, 28]
  AffExpr in MOI.EqualTo{Float64}         : [10, 10]
  AffExpr in MOI.LessThan{Float64}        : [200, 200]
  VariableRef in MOI.GreaterThan{Float64} : [19, 19]
  VariableRef in MOI.LessThan{Float64}    : [1, 1]
numerical stability report
  matrix range     [4e-03, 8e+02]
  objective range  [1e+00, 1e+00]
  bounds range     [8e+04, 8e+04]
  rhs range        [5e-01, 2e+02]
-------------------------------------------------------------------
 iteration    simulation      bound        time (s)     solves  pid
-------------------------------------------------------------------
         1   2.929046e+03  8.076147e+04  2.470000e-01       233   1
        17   9.854275e+03  6.514566e+03  1.290000e+00      1403   1
        26   4.307655e+03  5.567341e+03  2.323000e+00      2582   1
        39   7.091241e+03  5.514678e+03  3.447000e+00      3589   1
        50   4.050586e+03  5.514327e+03  4.261000e+00      4194   1
-------------------------------------------------------------------
status         : iteration_limit
total time (s) : 4.261000e+00
total solves   : 4194
best bound     :  5.514327e+03
simulation ci  :  4.921044e+03 ± 1.354862e+03
numeric issues : 0
-------------------------------------------------------------------

-------------------------------------------------------------------
         SDDP.jl (c) Oscar Dowson and contributors, 2017-25
-------------------------------------------------------------------
problem
  nodes           : 1
  state variables : 8
  scenarios       : Inf
  existing cuts   : false
options
  solver          : serial mode
  risk measure    : SDDP.Expectation()
  sampling scheme : SDDP.InSampleMonteCarlo
subproblem structure
  VariableRef                             : [28, 28]
  AffExpr in MOI.EqualTo{Float64}         : [10, 10]
  AffExpr in MOI.LessThan{Float64}        : [200, 200]
  VariableRef in MOI.GreaterThan{Float64} : [19, 19]
  VariableRef in MOI.LessThan{Float64}    : [1, 1]
numerical stability report
  matrix range     [4e-03, 8e+02]
  objective range  [1e+00, 1e+00]
  bounds range     [8e+04, 8e+04]
  rhs range        [5e-01, 2e+02]
-------------------------------------------------------------------
 iteration    simulation      bound        time (s)     solves  pid
-------------------------------------------------------------------
         1   1.129149e+03  8.076004e+04  1.200008e-02        41   1
        19   7.651985e+03  1.053372e+04  1.033000e+00      1405   1
        34   1.630286e+04  1.048071e+04  2.081000e+00      2450   1
        47   4.330088e+03  1.043891e+04  3.139000e+00      3283   1
        50   1.667422e+03  1.043740e+04  3.624000e+00      3612   1
-------------------------------------------------------------------
status         : iteration_limit
total time (s) : 3.624000e+00
total solves   : 3612
best bound     :  1.043740e+04
simulation ci  :  9.011541e+03 ± 3.644706e+03
numeric issues : 0
-------------------------------------------------------------------

-------------------------------------------------------------------
         SDDP.jl (c) Oscar Dowson and contributors, 2017-25
-------------------------------------------------------------------
problem
  nodes           : 1
  state variables : 8
  scenarios       : Inf
  existing cuts   : false
options
  solver          : serial mode
  risk measure    : SDDP.Expectation()
  sampling scheme : SDDP.InSampleMonteCarlo
subproblem structure
  VariableRef                             : [28, 28]
  AffExpr in MOI.EqualTo{Float64}         : [10, 10]
  AffExpr in MOI.LessThan{Float64}        : [200, 200]
  VariableRef in MOI.GreaterThan{Float64} : [19, 19]
  VariableRef in MOI.LessThan{Float64}    : [1, 1]
numerical stability report
  matrix range     [4e-03, 5e+02]
  objective range  [1e+00, 1e+00]
  bounds range     [8e+04, 8e+04]
  rhs range        [5e-01, 3e+02]
-------------------------------------------------------------------
 iteration    simulation      bound        time (s)     solves  pid
-------------------------------------------------------------------
         1   4.159003e+03  8.059557e+04  3.800001e-01       255   1
        22   1.924661e+04  1.246972e+04  1.479000e+00      1874   1
        36   4.291508e+04  1.159036e+04  2.767000e+00      3224   1
        50   3.452488e+04  1.157742e+04  3.770000e+00      4010   1
-------------------------------------------------------------------
status         : iteration_limit
total time (s) : 3.770000e+00
total solves   : 4010
best bound     :  1.157742e+04
simulation ci  :  9.477193e+03 ± 2.980337e+03
numeric issues : 0
-------------------------------------------------------------------

-------------------------------------------------------------------
         SDDP.jl (c) Oscar Dowson and contributors, 2017-25
-------------------------------------------------------------------
problem
  nodes           : 1
  state variables : 8
  scenarios       : Inf
  existing cuts   : false
options
  solver          : serial mode
  risk measure    : SDDP.Expectation()
  sampling scheme : SDDP.InSampleMonteCarlo
subproblem structure
  VariableRef                             : [28, 28]
  AffExpr in MOI.EqualTo{Float64}         : [10, 10]
  AffExpr in MOI.LessThan{Float64}        : [200, 200]
  VariableRef in MOI.GreaterThan{Float64} : [19, 19]
  VariableRef in MOI.LessThan{Float64}    : [1, 1]
numerical stability report
  matrix range     [4e-03, 5e+02]
  objective range  [1e+00, 1e+00]
  bounds range     [8e+04, 8e+04]
  rhs range        [5e-01, 3e+02]
-------------------------------------------------------------------
 iteration    simulation      bound        time (s)     solves  pid
-------------------------------------------------------------------
         1   1.732108e+03  8.058581e+04  7.599998e-02        83   1
        19   3.387163e+03  1.309990e+04  1.087000e+00      1625   1
        31   3.254934e+04  1.272204e+04  2.178000e+00      2535   1
        38   1.565908e+04  1.264884e+04  3.195000e+00      3196   1
        46   7.591387e+03  1.259194e+04  4.321000e+00      3710   1
        50   9.501084e+03  1.259094e+04  4.746000e+00      3918   1
-------------------------------------------------------------------
status         : iteration_limit
total time (s) : 4.746000e+00
total solves   : 3918
best bound     :  1.259094e+04
simulation ci  :  1.069683e+04 ± 2.503971e+03
numeric issues : 0
-------------------------------------------------------------------

-------------------------------------------------------------------
         SDDP.jl (c) Oscar Dowson and contributors, 2017-25
-------------------------------------------------------------------
problem
  nodes           : 1
  state variables : 8
  scenarios       : Inf
  existing cuts   : false
options
  solver          : serial mode
  risk measure    : SDDP.Expectation()
  sampling scheme : SDDP.InSampleMonteCarlo
subproblem structure
  VariableRef                             : [28, 28]
  AffExpr in MOI.EqualTo{Float64}         : [10, 10]
  AffExpr in MOI.LessThan{Float64}        : [200, 200]
  VariableRef in MOI.GreaterThan{Float64} : [19, 19]
  VariableRef in MOI.LessThan{Float64}    : [1, 1]
numerical stability report
  matrix range     [4e-03, 6e+02]
  objective range  [1e+00, 1e+00]
  bounds range     [8e+04, 8e+04]
  rhs range        [5e-01, 2e+02]
-------------------------------------------------------------------
 iteration    simulation      bound        time (s)     solves  pid
-------------------------------------------------------------------
         1   6.420701e+02  8.057051e+04  9.999990e-03         3   1
         7   7.173649e+04  1.061665e+04  1.628000e+00      1171   1
        12   3.859972e+04  1.059784e+04  2.988000e+00      2146   1
        20   1.635133e+04  1.059771e+04  3.996000e+00      2818   1
        26   1.408127e+04  1.059771e+04  5.094000e+00      3370   1
        29   2.536901e+04  1.059771e+04  6.290000e+00      3793   1
        31   5.378008e+04  1.059771e+04  7.692000e+00      4219   1
        35   5.206145e+03  1.059767e+04  8.693000e+00      4551   1
        43   1.032926e+04  1.059767e+04  9.776000e+00      4919   1
        50   1.273127e+04  1.059767e+04  1.355500e+01      5812   1
-------------------------------------------------------------------
status         : iteration_limit
total time (s) : 1.355500e+01
total solves   : 5812
best bound     :  1.059767e+04
simulation ci  :  1.476417e+04 ± 4.086602e+03
numeric issues : 0
-------------------------------------------------------------------

-------------------------------------------------------------------
         SDDP.jl (c) Oscar Dowson and contributors, 2017-25
-------------------------------------------------------------------
problem
  nodes           : 1
  state variables : 8
  scenarios       : Inf
  existing cuts   : false
options
  solver          : serial mode
  risk measure    : SDDP.Expectation()
  sampling scheme : SDDP.InSampleMonteCarlo
subproblem structure
  VariableRef                             : [28, 28]
  AffExpr in MOI.EqualTo{Float64}         : [10, 10]
  AffExpr in MOI.LessThan{Float64}        : [200, 200]
  VariableRef in MOI.GreaterThan{Float64} : [19, 19]
  VariableRef in MOI.LessThan{Float64}    : [1, 1]
numerical stability report
  matrix range     [4e-03, 6e+02]
  objective range  [1e+00, 1e+00]
  bounds range     [8e+04, 8e+04]
  rhs range        [5e-01, 2e+02]
-------------------------------------------------------------------
 iteration    simulation      bound        time (s)     solves  pid
-------------------------------------------------------------------
         1   1.645374e+03  8.064073e+04  1.270001e-01       101   1
        12   1.030829e+04  1.429687e+04  1.228000e+00       890   1
        24   2.242387e+04  1.131203e+04  2.530000e+00      1728   1
        33   5.793663e+03  1.123724e+04  3.608000e+00      2333   1
        41   2.449616e+04  1.120838e+04  4.654000e+00      2965   1
        50   2.071225e+04  1.120816e+04  6.109000e+00      3400   1
-------------------------------------------------------------------
status         : iteration_limit
total time (s) : 6.109000e+00
total solves   : 3400
best bound     :  1.120816e+04
simulation ci  :  8.166213e+03 ± 2.276895e+03
numeric issues : 0
-------------------------------------------------------------------

-------------------------------------------------------------------
         SDDP.jl (c) Oscar Dowson and contributors, 2017-25
-------------------------------------------------------------------
problem
  nodes           : 1
  state variables : 8
  scenarios       : Inf
  existing cuts   : false
options
  solver          : serial mode
  risk measure    : SDDP.Expectation()
  sampling scheme : SDDP.InSampleMonteCarlo
subproblem structure
  VariableRef                             : [28, 28]
  AffExpr in MOI.EqualTo{Float64}         : [10, 10]
  AffExpr in MOI.LessThan{Float64}        : [200, 200]
  VariableRef in MOI.GreaterThan{Float64} : [19, 19]
  VariableRef in MOI.LessThan{Float64}    : [1, 1]
numerical stability report
  matrix range     [4e-03, 8e+02]
  objective range  [1e+00, 1e+00]
  bounds range     [8e+04, 8e+04]
  rhs range        [5e-01, 2e+02]
-------------------------------------------------------------------
 iteration    simulation      bound        time (s)     solves  pid
-------------------------------------------------------------------
         1   1.649925e+03  8.076407e+04  4.799986e-02        75   1
         9   8.090738e+03  1.359246e+04  1.387000e+00       787   1
        18   4.964318e+03  6.719067e+03  2.471000e+00      1548   1
        26   1.910338e+04  6.018937e+03  4.165000e+00      2448   1
        32   1.203686e+04  6.008795e+03  5.462000e+00      2888   1
        37   9.503401e+03  6.007506e+03  6.855000e+00      3381   1
        40   6.031603e+03  6.007336e+03  7.879000e+00      3692   1
        44   1.177333e+04  6.007306e+03  9.446000e+00      4186   1
        50   2.904857e+03  6.007294e+03  1.138400e+01      4716   1
-------------------------------------------------------------------
status         : iteration_limit
total time (s) : 1.138400e+01
total solves   : 4716
best bound     :  6.007294e+03
simulation ci  :  6.272098e+03 ± 1.474349e+03
numeric issues : 0
-------------------------------------------------------------------

-------------------------------------------------------------------
         SDDP.jl (c) Oscar Dowson and contributors, 2017-25
-------------------------------------------------------------------
problem
  nodes           : 1
  state variables : 8
  scenarios       : Inf
  existing cuts   : false
options
  solver          : serial mode
  risk measure    : SDDP.Expectation()
  sampling scheme : SDDP.InSampleMonteCarlo
subproblem structure
  VariableRef                             : [28, 28]
  AffExpr in MOI.EqualTo{Float64}         : [10, 10]
  AffExpr in MOI.LessThan{Float64}        : [200, 200]
  VariableRef in MOI.GreaterThan{Float64} : [19, 19]
  VariableRef in MOI.LessThan{Float64}    : [1, 1]
numerical stability report
  matrix range     [4e-03, 8e+02]
  objective range  [1e+00, 1e+00]
  bounds range     [8e+04, 8e+04]
  rhs range        [5e-01, 2e+02]
-------------------------------------------------------------------
 iteration    simulation      bound        time (s)     solves  pid
-------------------------------------------------------------------
         1   9.913448e+02  8.075829e+04  2.200007e-02        21   1
         9   2.387458e+04  1.453380e+04  1.290000e+00       893   1
        14   2.100194e+04  1.057038e+04  2.321000e+00      1372   1
        23   1.661515e+04  9.584557e+03  3.503000e+00      1959   1
        27   8.860445e+03  9.507815e+03  4.567000e+00      2575   1
        32   4.917893e+04  9.461471e+03  6.325000e+00      3358   1
        40   1.041769e+04  9.441447e+03  7.447000e+00      3788   1
        42   1.446022e+04  9.438747e+03  8.550000e+00      4110   1
        45   2.174325e+04  9.434297e+03  9.557000e+00      4373   1
        50   2.617648e+03  9.429888e+03  1.037300e+01      4696   1
-------------------------------------------------------------------
status         : iteration_limit
total time (s) : 1.037300e+01
total solves   : 4696
best bound     :  9.429888e+03
simulation ci  :  9.980824e+03 ± 2.584010e+03
numeric issues : 0
-------------------------------------------------------------------

-------------------------------------------------------------------
         SDDP.jl (c) Oscar Dowson and contributors, 2017-25
-------------------------------------------------------------------
problem
  nodes           : 1
  state variables : 8
  scenarios       : Inf
  existing cuts   : false
options
  solver          : serial mode
  risk measure    : SDDP.Expectation()
  sampling scheme : SDDP.InSampleMonteCarlo
subproblem structure
  VariableRef                             : [28, 28]
  AffExpr in MOI.EqualTo{Float64}         : [10, 10]
  AffExpr in MOI.LessThan{Float64}        : [200, 200]
  VariableRef in MOI.GreaterThan{Float64} : [19, 19]
  VariableRef in MOI.LessThan{Float64}    : [1, 1]
numerical stability report
  matrix range     [4e-03, 8e+02]
  objective range  [1e+00, 1e+00]
  bounds range     [8e+04, 8e+04]
  rhs range        [5e-01, 2e+02]
-------------------------------------------------------------------
 iteration    simulation      bound        time (s)     solves  pid
-------------------------------------------------------------------
         1   9.601147e+02  8.076077e+04  3.299999e-02        21   1
        20   8.245806e+03  5.681269e+03  1.168000e+00      1466   1
        33   3.756895e+03  5.650549e+03  2.231000e+00      2477   1
        41   3.777238e+04  5.650526e+03  3.419000e+00      3177   1
        46   3.349086e+04  5.650285e+03  5.168000e+00      4012   1
        50   3.416127e+03  5.650242e+03  5.503000e+00      4184   1
-------------------------------------------------------------------
status         : iteration_limit
total time (s) : 5.503000e+00
total solves   : 4184
best bound     :  5.650242e+03
simulation ci  :  5.565431e+03 ± 2.041907e+03
numeric issues : 0
-------------------------------------------------------------------

-------------------------------------------------------------------
         SDDP.jl (c) Oscar Dowson and contributors, 2017-25
-------------------------------------------------------------------
problem
  nodes           : 1
  state variables : 8
  scenarios       : Inf
  existing cuts   : false
options
  solver          : serial mode
  risk measure    : SDDP.Expectation()
  sampling scheme : SDDP.InSampleMonteCarlo
subproblem structure
  VariableRef                             : [28, 28]
  AffExpr in MOI.EqualTo{Float64}         : [10, 10]
  AffExpr in MOI.LessThan{Float64}        : [200, 200]
  VariableRef in MOI.GreaterThan{Float64} : [19, 19]
  VariableRef in MOI.LessThan{Float64}    : [1, 1]
numerical stability report
  matrix range     [4e-03, 8e+02]
  objective range  [1e+00, 1e+00]
  bounds range     [8e+04, 8e+04]
  rhs range        [5e-01, 2e+02]
-------------------------------------------------------------------
 iteration    simulation      bound        time (s)     solves  pid
-------------------------------------------------------------------
         1   8.141548e+02  8.074737e+04  2.199984e-02         7   1
         7   1.117295e+04  1.565133e+04  1.041000e+00       861   1
        12   2.691514e+04  1.235289e+04  2.950000e+00      1376   1
        19   2.223571e+04  9.648697e+03  4.027000e+00      1981   1
        23   3.387406e+04  9.443660e+03  5.031000e+00      2509   1
        29   2.278536e+04  9.405026e+03  6.274000e+00      3175   1
        35   2.526667e+04  9.379671e+03  7.424000e+00      3807   1
        39   2.444604e+04  9.379215e+03  8.426000e+00      4201   1
        50   4.931913e+03  9.376652e+03  1.094400e+01      5176   1
-------------------------------------------------------------------
status         : iteration_limit
total time (s) : 1.094400e+01
total solves   : 5176
best bound     :  9.376652e+03
simulation ci  :  1.134556e+04 ± 2.810516e+03
numeric issues : 0
-------------------------------------------------------------------

-------------------------------------------------------------------
         SDDP.jl (c) Oscar Dowson and contributors, 2017-25
-------------------------------------------------------------------
problem
  nodes           : 1
  state variables : 8
  scenarios       : Inf
  existing cuts   : false
options
  solver          : serial mode
  risk measure    : SDDP.Expectation()
  sampling scheme : SDDP.InSampleMonteCarlo
subproblem structure
  VariableRef                             : [28, 28]
  AffExpr in MOI.EqualTo{Float64}         : [10, 10]
  AffExpr in MOI.LessThan{Float64}        : [200, 200]
  VariableRef in MOI.GreaterThan{Float64} : [19, 19]
  VariableRef in MOI.LessThan{Float64}    : [1, 1]
numerical stability report
  matrix range     [4e-03, 5e+02]
  objective range  [1e+00, 1e+00]
  bounds range     [8e+04, 8e+04]
  rhs range        [5e-01, 3e+02]
-------------------------------------------------------------------
 iteration    simulation      bound        time (s)     solves  pid
-------------------------------------------------------------------
         1   1.449711e+03  8.059557e+04  5.099988e-02        63   1
        12   2.257594e+04  1.340919e+04  1.205000e+00       680   1
        24   1.901952e+04  1.175124e+04  2.393000e+00      1458   1
        36   1.435571e+04  1.166649e+04  3.562000e+00      2150   1
        43   4.276305e+04  1.159776e+04  4.696000e+00      2701   1
        50   2.956817e+04  1.157909e+04  5.969000e+00      3400   1
-------------------------------------------------------------------
status         : iteration_limit
total time (s) : 5.969000e+00
total solves   : 3400
best bound     :  1.157909e+04
simulation ci  :  8.836341e+03 ± 2.922225e+03
numeric issues : 0
-------------------------------------------------------------------

-------------------------------------------------------------------
         SDDP.jl (c) Oscar Dowson and contributors, 2017-25
-------------------------------------------------------------------
problem
  nodes           : 1
  state variables : 8
  scenarios       : Inf
  existing cuts   : false
options
  solver          : serial mode
  risk measure    : SDDP.Expectation()
  sampling scheme : SDDP.InSampleMonteCarlo
subproblem structure
  VariableRef                             : [28, 28]
  AffExpr in MOI.EqualTo{Float64}         : [10, 10]
  AffExpr in MOI.LessThan{Float64}        : [200, 200]
  VariableRef in MOI.GreaterThan{Float64} : [19, 19]
  VariableRef in MOI.LessThan{Float64}    : [1, 1]
numerical stability report
  matrix range     [4e-03, 5e+02]
  objective range  [1e+00, 1e+00]
  bounds range     [8e+04, 8e+04]
  rhs range        [5e-01, 3e+02]
-------------------------------------------------------------------
 iteration    simulation      bound        time (s)     solves  pid
-------------------------------------------------------------------
         1   8.854548e+02  8.058581e+04  1.800013e-02        23   1
        28   5.533327e+04  1.259299e+04  1.191000e+00      2448   1
        40   2.102510e+04  1.256380e+04  2.260000e+00      3846   1
        50   1.455300e+04  1.256350e+04  2.971000e+00      4584   1
-------------------------------------------------------------------
status         : iteration_limit
total time (s) : 2.971000e+00
total solves   : 4584
best bound     :  1.256350e+04
simulation ci  :  1.353899e+04 ± 3.737746e+03
numeric issues : 0
-------------------------------------------------------------------

-------------------------------------------------------------------
         SDDP.jl (c) Oscar Dowson and contributors, 2017-25
-------------------------------------------------------------------
problem
  nodes           : 1
  state variables : 8
  scenarios       : Inf
  existing cuts   : false
options
  solver          : serial mode
  risk measure    : SDDP.Expectation()
  sampling scheme : SDDP.InSampleMonteCarlo
subproblem structure
  VariableRef                             : [28, 28]
  AffExpr in MOI.EqualTo{Float64}         : [10, 10]
  AffExpr in MOI.LessThan{Float64}        : [200, 200]
  VariableRef in MOI.GreaterThan{Float64} : [19, 19]
  VariableRef in MOI.LessThan{Float64}    : [1, 1]
numerical stability report
  matrix range     [4e-03, 6e+02]
  objective range  [1e+00, 1e+00]
  bounds range     [8e+04, 8e+04]
  rhs range        [5e-01, 2e+02]
-------------------------------------------------------------------
 iteration    simulation      bound        time (s)     solves  pid
-------------------------------------------------------------------
         1   9.111216e+02  8.064063e+04  1.099992e-02        29   1
        38   1.750966e+04  1.059985e+04  1.036000e+00      2372   1
        50   1.693056e+04  1.059786e+04  1.683000e+00      3554   1
-------------------------------------------------------------------
status         : iteration_limit
total time (s) : 1.683000e+00
total solves   : 3554
best bound     :  1.059786e+04
simulation ci  :  8.427883e+03 ± 2.395806e+03
numeric issues : 0
-------------------------------------------------------------------

-------------------------------------------------------------------
         SDDP.jl (c) Oscar Dowson and contributors, 2017-25
-------------------------------------------------------------------
problem
  nodes           : 1
  state variables : 8
  scenarios       : Inf
  existing cuts   : false
options
  solver          : serial mode
  risk measure    : SDDP.Expectation()
  sampling scheme : SDDP.InSampleMonteCarlo
subproblem structure
  VariableRef                             : [28, 28]
  AffExpr in MOI.EqualTo{Float64}         : [10, 10]
  AffExpr in MOI.LessThan{Float64}        : [200, 200]
  VariableRef in MOI.GreaterThan{Float64} : [19, 19]
  VariableRef in MOI.LessThan{Float64}    : [1, 1]
numerical stability report
  matrix range     [4e-03, 6e+02]
  objective range  [1e+00, 1e+00]
  bounds range     [8e+04, 8e+04]
  rhs range        [5e-01, 2e+02]
-------------------------------------------------------------------
 iteration    simulation      bound        time (s)     solves  pid
-------------------------------------------------------------------
         1   1.013151e+03  8.064073e+04  5.399990e-02        39   1
        28   2.991515e+04  1.121096e+04  1.066000e+00      2496   1
        50   3.750827e+03  1.120684e+04  1.980000e+00      4074   1
-------------------------------------------------------------------
status         : iteration_limit
total time (s) : 1.980000e+00
total solves   : 4074
best bound     :  1.120684e+04
simulation ci  :  9.793109e+03 ± 2.859409e+03
numeric issues : 0
-------------------------------------------------------------------

-------------------------------------------------------------------
         SDDP.jl (c) Oscar Dowson and contributors, 2017-25
-------------------------------------------------------------------
problem
  nodes           : 1
  state variables : 8
  scenarios       : Inf
  existing cuts   : false
options
  solver          : serial mode
  risk measure    : SDDP.Expectation()
  sampling scheme : SDDP.InSampleMonteCarlo
subproblem structure
  VariableRef                             : [28, 28]
  AffExpr in MOI.EqualTo{Float64}         : [10, 10]
  AffExpr in MOI.LessThan{Float64}        : [200, 200]
  VariableRef in MOI.GreaterThan{Float64} : [19, 19]
  VariableRef in MOI.LessThan{Float64}    : [1, 1]
numerical stability report
  matrix range     [4e-03, 8e+02]
  objective range  [1e+00, 1e+00]
  bounds range     [8e+04, 8e+04]
  rhs range        [5e-01, 2e+02]
-------------------------------------------------------------------
 iteration    simulation      bound        time (s)     solves  pid
-------------------------------------------------------------------
         1   1.552265e+03  8.076407e+04  3.000021e-02        67   1
        19   1.853874e+04  6.071427e+03  1.058000e+00      1929   1
        42   2.499250e+03  6.007961e+03  2.070000e+00      3592   1
        50   4.201292e+03  6.007537e+03  2.651000e+00      4310   1
-------------------------------------------------------------------
status         : iteration_limit
total time (s) : 2.651000e+00
total solves   : 4310
best bound     :  6.007537e+03
simulation ci  :  5.851116e+03 ± 1.734867e+03
numeric issues : 0
-------------------------------------------------------------------

-------------------------------------------------------------------
         SDDP.jl (c) Oscar Dowson and contributors, 2017-25
-------------------------------------------------------------------
problem
  nodes           : 1
  state variables : 8
  scenarios       : Inf
  existing cuts   : false
options
  solver          : serial mode
  risk measure    : SDDP.Expectation()
  sampling scheme : SDDP.InSampleMonteCarlo
subproblem structure
  VariableRef                             : [28, 28]
  AffExpr in MOI.EqualTo{Float64}         : [10, 10]
  AffExpr in MOI.LessThan{Float64}        : [200, 200]
  VariableRef in MOI.GreaterThan{Float64} : [19, 19]
  VariableRef in MOI.LessThan{Float64}    : [1, 1]
numerical stability report
  matrix range     [4e-03, 8e+02]
  objective range  [1e+00, 1e+00]
  bounds range     [8e+04, 8e+04]
  rhs range        [5e-01, 2e+02]
-------------------------------------------------------------------
 iteration    simulation      bound        time (s)     solves  pid
-------------------------------------------------------------------
         1   9.669299e+02  8.075829e+04  2.000093e-03        19   1
        32   6.411099e+03  9.468481e+03  1.033000e+00      2332   1
        50   4.112399e+03  9.430850e+03  1.550000e+00      3280   1
-------------------------------------------------------------------
status         : iteration_limit
total time (s) : 1.550000e+00
total solves   : 3280
best bound     :  9.430850e+03
simulation ci  :  6.651020e+03 ± 2.054050e+03
numeric issues : 0
-------------------------------------------------------------------

-------------------------------------------------------------------
         SDDP.jl (c) Oscar Dowson and contributors, 2017-25
-------------------------------------------------------------------
problem
  nodes           : 1
  state variables : 8
  scenarios       : Inf
  existing cuts   : false
options
  solver          : serial mode
  risk measure    : SDDP.Expectation()
  sampling scheme : SDDP.InSampleMonteCarlo
subproblem structure
  VariableRef                             : [28, 28]
  AffExpr in MOI.EqualTo{Float64}         : [10, 10]
  AffExpr in MOI.LessThan{Float64}        : [200, 200]
  VariableRef in MOI.GreaterThan{Float64} : [19, 19]
  VariableRef in MOI.LessThan{Float64}    : [1, 1]
numerical stability report
  matrix range     [4e-03, 8e+02]
  objective range  [1e+00, 1e+00]
  bounds range     [8e+04, 8e+04]
  rhs range        [5e-01, 2e+02]
-------------------------------------------------------------------
 iteration    simulation      bound        time (s)     solves  pid
-------------------------------------------------------------------
         1   1.085807e+03  8.076428e+04  1.199985e-02        33   1
        27   8.352886e+03  5.651245e+03  1.045000e+00      2109   1
        39   7.220353e+03  5.650273e+03  2.061000e+00      3607   1
        50   7.706503e+02  5.650212e+03  2.794000e+00      4568   1
-------------------------------------------------------------------
status         : iteration_limit
total time (s) : 2.794000e+00
total solves   : 4568
best bound     :  5.650212e+03
simulation ci  :  5.999162e+03 ± 1.555469e+03
numeric issues : 0
-------------------------------------------------------------------

-------------------------------------------------------------------
         SDDP.jl (c) Oscar Dowson and contributors, 2017-25
-------------------------------------------------------------------
problem
  nodes           : 1
  state variables : 8
  scenarios       : Inf
  existing cuts   : false
options
  solver          : serial mode
  risk measure    : SDDP.Expectation()
  sampling scheme : SDDP.InSampleMonteCarlo
subproblem structure
  VariableRef                             : [28, 28]
  AffExpr in MOI.EqualTo{Float64}         : [10, 10]
  AffExpr in MOI.LessThan{Float64}        : [200, 200]
  VariableRef in MOI.GreaterThan{Float64} : [19, 19]
  VariableRef in MOI.LessThan{Float64}    : [1, 1]
numerical stability report
  matrix range     [4e-03, 8e+02]
  objective range  [1e+00, 1e+00]
  bounds range     [8e+04, 8e+04]
  rhs range        [5e-01, 2e+02]
-------------------------------------------------------------------
 iteration    simulation      bound        time (s)     solves  pid
-------------------------------------------------------------------
         1   1.379770e+03  8.075913e+04  1.300001e-02        61   1
        29   3.132432e+03  9.444773e+03  1.029000e+00      2287   1
        45   1.419648e+04  9.382191e+03  2.045000e+00      3945   1
        50   6.896799e+03  9.380615e+03  2.461000e+00      4532   1
-------------------------------------------------------------------
status         : iteration_limit
total time (s) : 2.461000e+00
total solves   : 4532
best bound     :  9.380615e+03
simulation ci  :  9.472585e+03 ± 2.470079e+03
numeric issues : 0
-------------------------------------------------------------------

-------------------------------------------------------------------
         SDDP.jl (c) Oscar Dowson and contributors, 2017-25
-------------------------------------------------------------------
problem
  nodes           : 1
  state variables : 8
  scenarios       : Inf
  existing cuts   : false
options
  solver          : serial mode
  risk measure    : SDDP.Expectation()
  sampling scheme : SDDP.InSampleMonteCarlo
subproblem structure
  VariableRef                             : [28, 28]
  AffExpr in MOI.EqualTo{Float64}         : [10, 10]
  AffExpr in MOI.LessThan{Float64}        : [200, 200]
  VariableRef in MOI.GreaterThan{Float64} : [19, 19]
  VariableRef in MOI.LessThan{Float64}    : [1, 1]
numerical stability report
  matrix range     [4e-03, 5e+02]
  objective range  [1e+00, 1e+00]
  bounds range     [8e+04, 8e+04]
  rhs range        [5e-01, 3e+02]
-------------------------------------------------------------------
 iteration    simulation      bound        time (s)     solves  pid
-------------------------------------------------------------------
         1   7.453177e+02  8.059452e+04  1.010001e-01         5   1
         4   9.652070e+03  6.931487e+04  1.850000e+00       129   1
         5   2.060380e+04  2.413183e+04  4.126000e+00       214   1
         9   5.864873e+04  1.802953e+04  8.729000e+00       432   1
        11   5.358049e+04  1.186460e+04  1.405500e+01       596   1
        12   3.949172e+04  1.174128e+04  1.946000e+01       719   1
        14   4.594225e+04  1.172555e+04  2.807800e+01       894   1
        17   6.494413e+04  1.163219e+04  3.840700e+01      1175   1
        22   4.967199e+03  1.162495e+04  4.370200e+01      1329   1
        28   2.157760e+04  1.160365e+04  5.080400e+01      1518   1
        33   3.067446e+04  1.160365e+04  5.933400e+01      1714   1
        36   5.240459e+03  1.159660e+04  6.437200e+01      1852   1
        39   2.261996e+04  1.159660e+04  7.147200e+01      2012   1
        46   4.923996e+03  1.159660e+04  7.723300e+01      2132   1
        50   1.500476e+03  1.159660e+04  7.932100e+01      2175   1
-------------------------------------------------------------------
status         : iteration_limit
total time (s) : 7.932100e+01
total solves   : 2175
best bound     :  1.159660e+04
simulation ci  :  1.246020e+04 ± 4.484777e+03
numeric issues : 0
-------------------------------------------------------------------

-------------------------------------------------------------------
         SDDP.jl (c) Oscar Dowson and contributors, 2017-25
-------------------------------------------------------------------
problem
  nodes           : 1
  state variables : 8
  scenarios       : Inf
  existing cuts   : false
options
  solver          : serial mode
  risk measure    : SDDP.Expectation()
  sampling scheme : SDDP.InSampleMonteCarlo
subproblem structure
  VariableRef                             : [28, 28]
  AffExpr in MOI.EqualTo{Float64}         : [10, 10]
  AffExpr in MOI.LessThan{Float64}        : [200, 200]
  VariableRef in MOI.GreaterThan{Float64} : [19, 19]
  VariableRef in MOI.LessThan{Float64}    : [1, 1]
numerical stability report
  matrix range     [4e-03, 5e+02]
  objective range  [1e+00, 1e+00]
  bounds range     [8e+04, 8e+04]
  rhs range        [5e-01, 3e+02]
-------------------------------------------------------------------
 iteration    simulation      bound        time (s)     solves  pid
-------------------------------------------------------------------
         1   2.129029e+03  8.059343e+04  8.500004e-02        34   1
         5   1.714084e+03  6.285003e+04  1.134000e+00       150   1
         6   1.830120e+04  2.772482e+04  2.451000e+00       219   1
         7   9.963756e+03  2.564539e+04  3.584000e+00       261   1
         9   1.290467e+04  1.928692e+04  4.584000e+00       311   1
        12   6.081293e+02  1.793555e+04  5.700000e+00       344   1
        14   1.230862e+04  1.533714e+04  7.766000e+00       412   1
        15   1.216694e+04  1.459745e+04  8.857000e+00       453   1
        18   6.840103e+04  1.290526e+04  1.684500e+01       759   1
        21   1.247407e+04  1.279596e+04  2.205100e+01       902   1
        25   1.703505e+04  1.271118e+04  2.819200e+01      1047   1
        31   5.511360e+02  1.270770e+04  3.329900e+01      1160   1
        36   2.450381e+04  1.270770e+04  4.058800e+01      1332   1
        38   5.478809e+04  1.270770e+04  4.778600e+01      1499   1
        41   2.215888e+03  1.270770e+04  5.281800e+01      1608   1
        44   1.343930e+04  1.270770e+04  5.954900e+01      1756   1
        48   3.275083e+04  1.270770e+04  6.538200e+01      1881   1
        50   2.334050e+04  1.270770e+04  6.878300e+01      1954   1
-------------------------------------------------------------------
status         : iteration_limit
total time (s) : 6.878300e+01
total solves   : 1954
best bound     :  1.270770e+04
simulation ci  :  1.194363e+04 ± 3.893712e+03
numeric issues : 0
-------------------------------------------------------------------

-------------------------------------------------------------------
         SDDP.jl (c) Oscar Dowson and contributors, 2017-25
-------------------------------------------------------------------
problem
  nodes           : 1
  state variables : 8
  scenarios       : Inf
  existing cuts   : false
options
  solver          : serial mode
  risk measure    : SDDP.Expectation()
  sampling scheme : SDDP.InSampleMonteCarlo
subproblem structure
  VariableRef                             : [28, 28]
  AffExpr in MOI.EqualTo{Float64}         : [10, 10]
  AffExpr in MOI.LessThan{Float64}        : [200, 200]
  VariableRef in MOI.GreaterThan{Float64} : [19, 19]
  VariableRef in MOI.LessThan{Float64}    : [1, 1]
numerical stability report
  matrix range     [4e-03, 6e+02]
  objective range  [1e+00, 1e+00]
  bounds range     [8e+04, 8e+04]
  rhs range        [5e-01, 2e+02]
-------------------------------------------------------------------
 iteration    simulation      bound        time (s)     solves  pid
-------------------------------------------------------------------
         1   8.993384e+02  8.063352e+04  7.599998e-02         7   1
         2   1.754606e+04  8.060735e+04  1.213000e+00       173   1
         6   2.105311e+03  5.107561e+04  2.557000e+00       234   1
         8   5.467579e+03  3.062489e+04  4.291000e+00       278   1
        11   4.478804e+04  1.355448e+04  1.190200e+01       478   1
        15   1.065558e+04  1.186100e+04  1.830800e+01       632   1
        21   6.701247e+03  1.095496e+04  2.353400e+01       761   1
        24   9.916526e+03  1.071538e+04  2.935500e+01       888   1
        27   1.454323e+04  1.064089e+04  3.540300e+01      1010   1
        28   3.159219e+04  1.062912e+04  4.173500e+01      1123   1
        32   2.642387e+04  1.061181e+04  4.879500e+01      1262   1
        34   2.072688e+04  1.060619e+04  5.627600e+01      1394   1
        36   5.576087e+04  1.060619e+04  7.149200e+01      1597   1
        40   7.398532e+03  1.060619e+04  7.685100e+01      1687   1
        45   2.502271e+03  1.060619e+04  8.200800e+01      1775   1
        49   4.483585e+04  1.060619e+04  9.392400e+01      1970   1
        50   2.185590e+04  1.060619e+04  9.850300e+01      2049   1
-------------------------------------------------------------------
status         : iteration_limit
total time (s) : 9.850300e+01
total solves   : 2049
best bound     :  1.060619e+04
simulation ci  :  9.951972e+03 ± 3.463868e+03
numeric issues : 0
-------------------------------------------------------------------

-------------------------------------------------------------------
         SDDP.jl (c) Oscar Dowson and contributors, 2017-25
-------------------------------------------------------------------
problem
  nodes           : 1
  state variables : 8
  scenarios       : Inf
  existing cuts   : false
options
  solver          : serial mode
  risk measure    : SDDP.Expectation()
  sampling scheme : SDDP.InSampleMonteCarlo
subproblem structure
  VariableRef                             : [28, 28]
  AffExpr in MOI.EqualTo{Float64}         : [10, 10]
  AffExpr in MOI.LessThan{Float64}        : [200, 200]
  VariableRef in MOI.GreaterThan{Float64} : [19, 19]
  VariableRef in MOI.LessThan{Float64}    : [1, 1]
numerical stability report
  matrix range     [4e-03, 6e+02]
  objective range  [1e+00, 1e+00]
  bounds range     [8e+04, 8e+04]
  rhs range        [5e-01, 2e+02]
-------------------------------------------------------------------
 iteration    simulation      bound        time (s)     solves  pid
-------------------------------------------------------------------
         1   1.410522e+03  8.062242e+04  1.079998e-01        17   1
         2   1.628146e+04  8.057227e+04  1.272000e+00       129   1
         5   1.746063e+03  5.321962e+04  2.573000e+00       202   1
         6   1.560816e+04  5.321962e+04  4.151000e+00       316   1
         7   4.837247e+04  4.360872e+04  9.289000e+00       527   1
        15   1.044111e+04  1.427890e+04  1.463100e+01       700   1
        21   3.833112e+04  1.139207e+04  2.474400e+01       928   1
        22   3.085624e+04  1.136930e+04  3.108000e+01      1034   1
        28   1.821004e+04  1.130756e+04  3.964100e+01      1188   1
        29   3.151747e+04  1.125058e+04  4.657600e+01      1295   1
        32   2.292570e+04  1.122731e+04  5.504600e+01      1444   1
        34   3.300122e+04  1.122441e+04  6.339000e+01      1576   1
        36   5.010216e+04  1.121779e+04  7.364200e+01      1748   1
        38   4.918353e+04  1.121575e+04  8.601200e+01      1935   1
        43   4.490976e+04  1.121575e+04  9.986700e+01      2140   1
        46   2.017971e+04  1.121575e+04  1.064130e+02      2235   1
        49   9.226989e+03  1.121575e+04  1.135220e+02      2341   1
        50   3.027985e+03  1.121575e+04  1.142690e+02      2355   1
-------------------------------------------------------------------
status         : iteration_limit
total time (s) : 1.142690e+02
total solves   : 2355
best bound     :  1.121575e+04
simulation ci  :  1.190056e+04 ± 3.954401e+03
numeric issues : 0
-------------------------------------------------------------------

-------------------------------------------------------------------
         SDDP.jl (c) Oscar Dowson and contributors, 2017-25
-------------------------------------------------------------------
problem
  nodes           : 1
  state variables : 8
  scenarios       : Inf
  existing cuts   : false
options
  solver          : serial mode
  risk measure    : SDDP.Expectation()
  sampling scheme : SDDP.InSampleMonteCarlo
subproblem structure
  VariableRef                             : [28, 28]
  AffExpr in MOI.EqualTo{Float64}         : [10, 10]
  AffExpr in MOI.LessThan{Float64}        : [200, 200]
  VariableRef in MOI.GreaterThan{Float64} : [19, 19]
  VariableRef in MOI.LessThan{Float64}    : [1, 1]
numerical stability report
  matrix range     [4e-03, 8e+02]
  objective range  [1e+00, 1e+00]
  bounds range     [8e+04, 8e+04]
  rhs range        [5e-01, 2e+02]
-------------------------------------------------------------------
 iteration    simulation      bound        time (s)     solves  pid
-------------------------------------------------------------------
         1   2.064382e+03  8.075934e+04  9.899998e-02        52   1
         4   9.864715e+03  2.019351e+04  1.965000e+00       167   1
         7   3.187408e+04  1.347912e+04  6.278000e+00       454   1
         8   1.972099e+04  1.014761e+04  9.215000e+00       612   1
        17   1.105943e+04  6.704953e+03  1.453500e+01       925   1
        23   2.981917e+04  6.036475e+03  2.111100e+01      1304   1
        30   1.481669e+04  6.013691e+03  2.628300e+01      1531   1
        36   6.626651e+03  6.008960e+03  3.194000e+01      1762   1
        42   8.061345e+03  6.008018e+03  3.745200e+01      1964   1
        46   2.370455e+04  6.007921e+03  4.483900e+01      2226   1
        50   1.377889e+03  6.007879e+03  4.701300e+01      2291   1
-------------------------------------------------------------------
status         : iteration_limit
total time (s) : 4.701300e+01
total solves   : 2291
best bound     :  6.007879e+03
simulation ci  :  6.107307e+03 ± 1.942840e+03
numeric issues : 0
-------------------------------------------------------------------

-------------------------------------------------------------------
         SDDP.jl (c) Oscar Dowson and contributors, 2017-25
-------------------------------------------------------------------
problem
  nodes           : 1
  state variables : 8
  scenarios       : Inf
  existing cuts   : false
options
  solver          : serial mode
  risk measure    : SDDP.Expectation()
  sampling scheme : SDDP.InSampleMonteCarlo
subproblem structure
  VariableRef                             : [28, 28]
  AffExpr in MOI.EqualTo{Float64}         : [10, 10]
  AffExpr in MOI.LessThan{Float64}        : [200, 200]
  VariableRef in MOI.GreaterThan{Float64} : [19, 19]
  VariableRef in MOI.LessThan{Float64}    : [1, 1]
numerical stability report
  matrix range     [4e-03, 8e+02]
  objective range  [1e+00, 1e+00]
  bounds range     [8e+04, 8e+04]
  rhs range        [5e-01, 2e+02]
-------------------------------------------------------------------
 iteration    simulation      bound        time (s)     solves  pid
-------------------------------------------------------------------
         1   9.007483e+02  8.075730e+04  5.900002e-02         7   1
         2   2.448500e+04  8.070637e+04  2.559000e+00       260   1
         4   5.739977e+03  4.998425e+04  3.971000e+00       321   1
         7   1.303632e+04  3.741243e+04  5.638000e+00       421   1
        12   1.020136e+04  1.708423e+04  7.317000e+00       527   1
        14   1.356227e+04  1.459671e+04  8.701000e+00       613   1
        22   3.586520e+04  1.033136e+04  1.720900e+01      1033   1
        33   5.060958e+03  9.716058e+03  2.230800e+01      1291   1
        45   2.272493e+04  9.621122e+03  2.770900e+01      1562   1
        50   1.555163e+04  9.550887e+03  3.159100e+01      1749   1
-------------------------------------------------------------------
status         : iteration_limit
total time (s) : 3.159100e+01
total solves   : 1749
best bound     :  9.550887e+03
simulation ci  :  6.773083e+03 ± 2.082378e+03
numeric issues : 0
-------------------------------------------------------------------

-------------------------------------------------------------------
         SDDP.jl (c) Oscar Dowson and contributors, 2017-25
-------------------------------------------------------------------
problem
  nodes           : 1
  state variables : 8
  scenarios       : Inf
  existing cuts   : false
options
  solver          : serial mode
  risk measure    : SDDP.Expectation()
  sampling scheme : SDDP.InSampleMonteCarlo
subproblem structure
  VariableRef                             : [28, 28]
  AffExpr in MOI.EqualTo{Float64}         : [10, 10]
  AffExpr in MOI.LessThan{Float64}        : [200, 200]
  VariableRef in MOI.GreaterThan{Float64} : [19, 19]
  VariableRef in MOI.LessThan{Float64}    : [1, 1]
numerical stability report
  matrix range     [4e-03, 8e+02]
  objective range  [1e+00, 1e+00]
  bounds range     [8e+04, 8e+04]
  rhs range        [5e-01, 2e+02]
-------------------------------------------------------------------
 iteration    simulation      bound        time (s)     solves  pid
-------------------------------------------------------------------
         1   9.001736e+02  8.075979e+04  4.800010e-02         7   1
         3   7.084916e+03  8.072347e+04  1.598000e+00       133   1
         5   8.856000e+03  1.650655e+04  3.335000e+00       233   1
         7   6.444101e+03  1.567008e+04  4.482000e+00       300   1
        10   7.553463e+03  7.343686e+03  6.101000e+00       375   1
        14   5.050637e+03  6.293251e+03  7.199000e+00       441   1
        16   1.126963e+04  5.811571e+03  9.513000e+00       565   1
        27   2.292823e+04  5.665902e+03  1.655900e+01       932   1
        34   1.914236e+04  5.652206e+03  2.448100e+01      1258   1
        40   5.569485e+03  5.652206e+03  2.962100e+01      1458   1
        42   2.213209e+04  5.652206e+03  3.766100e+01      1750   1
        47   7.852645e+03  5.652206e+03  4.356600e+01      1973   1
        50   1.655725e+04  5.652206e+03  4.850800e+01      2150   1
-------------------------------------------------------------------
status         : iteration_limit
total time (s) : 4.850800e+01
total solves   : 2150
best bound     :  5.652206e+03
simulation ci  :  5.864524e+03 ± 1.522903e+03
numeric issues : 0
-------------------------------------------------------------------

-------------------------------------------------------------------
         SDDP.jl (c) Oscar Dowson and contributors, 2017-25
-------------------------------------------------------------------
problem
  nodes           : 1
  state variables : 8
  scenarios       : Inf
  existing cuts   : false
options
  solver          : serial mode
  risk measure    : SDDP.Expectation()
  sampling scheme : SDDP.InSampleMonteCarlo
subproblem structure
  VariableRef                             : [28, 28]
  AffExpr in MOI.EqualTo{Float64}         : [10, 10]
  AffExpr in MOI.LessThan{Float64}        : [200, 200]
  VariableRef in MOI.GreaterThan{Float64} : [19, 19]
  VariableRef in MOI.LessThan{Float64}    : [1, 1]
numerical stability report
  matrix range     [4e-03, 8e+02]
  objective range  [1e+00, 1e+00]
  bounds range     [8e+04, 8e+04]
  rhs range        [5e-01, 2e+02]
-------------------------------------------------------------------
 iteration    simulation      bound        time (s)     solves  pid
-------------------------------------------------------------------
         1   1.288818e+03  8.075717e+04  5.800009e-02        22   1
         3   1.192355e+04  8.069853e+04  1.737000e+00       131   1
         4   2.388413e+04  7.909472e+04  4.063000e+00       290   1
         8   1.643523e+03  3.194316e+04  5.157000e+00       351   1
        10   4.555542e+03  1.952018e+04  6.258000e+00       425   1
        11   2.009754e+04  1.424656e+04  7.698000e+00       511   1
        16   1.421799e+04  1.217771e+04  1.284700e+01       772   1
        22   4.730702e+04  1.019339e+04  1.965000e+01      1121   1
        34   2.459333e+04  9.472138e+03  2.579500e+01      1420   1
        41   1.618747e+04  9.443245e+03  3.174600e+01      1668   1
        46   2.013895e+04  9.427193e+03  3.821100e+01      1935   1
        49   1.458833e+04  9.418819e+03  4.360200e+01      2147   1
        50   9.960097e+02  9.417391e+03  4.373200e+01      2152   1
-------------------------------------------------------------------
status         : iteration_limit
total time (s) : 4.373200e+01
total solves   : 2152
best bound     :  9.417391e+03
simulation ci  :  9.108022e+03 ± 2.682109e+03
numeric issues : 0
-------------------------------------------------------------------

